
> OrokiiPayApp@0.0.1 web
> webpack serve --mode development

<w> [webpack-dev-server] "hot: true" automatically applies HMR plugin, you don't have to add it manually to your webpack configuration.
<i> [webpack-dev-server] [HPM] Proxy created: /api  -> http://localhost:3001
<i> [webpack-dev-server] Project is running at:
<i> [webpack-dev-server] Loopback: http://localhost:3000/, http://[::1]:3000/
<i> [webpack-dev-server] On Your Network (IPv4): http://192.168.12.108:3000/
<i> [webpack-dev-server] On Your Network (IPv6): http://[fdfe:5e6c:2e69:98de:18ff:eb34:1635:552b]:3000/
<i> [webpack-dev-server] Content not from webpack is served from '/Users/bisiadedokun/bankapp/public' directory
<i> [webpack-dev-server] 404s will fallback to '/index.html'
assets by chunk 504 KiB (id hint: vendors)
  asset vendors-node_modules_html2canvas_dist_html2canvas_js.c7ce95297d080bc9289d.bundle.js 440 KiB [emitted] [immutable] (id hint: vendors)
  asset vendors-node_modules_dompurify_dist_purify_es_mjs.2ff3701d704ec7c81b13.bundle.js 64.2 KiB [emitted] [immutable] (id hint: vendors)
asset main.9f89dc983ec22d296161.bundle.js 5.06 MiB [emitted] [immutable] (name: main)
asset index.html 7.75 KiB [emitted]
orphan modules 102 KiB [orphan] 38 modules
runtime modules 31.5 KiB 16 modules
modules by path ./node_modules/ 3.71 MiB 463 modules
modules by path ./src/ 857 KiB
  modules by path ./src/components/ 231 KiB 22 modules
  modules by path ./src/screens/ 472 KiB 18 modules
  modules by path ./src/utils/*.ts 39.1 KiB 9 modules
  modules by path ./src/tenants/ 24 KiB 4 modules
  modules by path ./src/services/ 57.2 KiB 3 modules
  modules by path ./src/config/*.ts 7.38 KiB 2 modules
  + 3 modules
./index.web.js 446 bytes [built] [code generated]
./App.tsx 5.58 KiB [built] [code generated]
./app.json 62 bytes [built] [code generated]
webpack 5.101.3 compiled successfully in 1520 ms
assets by status 504 KiB [cached] 2 assets
assets by status 5.1 MiB [emitted]
  assets by path *.js 5.1 MiB
    asset main.f130a99cfd1e1fba15c0.bundle.js 5.06 MiB [emitted] [immutable] (name: main)
    asset main.453697d6cdd41f640d6d.hot-update.js 32.2 KiB [emitted] [immutable] [hmr] (name: main)
  asset index.html 7.75 KiB [emitted]
  asset main.453697d6cdd41f640d6d.hot-update.json 28 bytes [emitted] [immutable] [hmr]
Entrypoint main 5.1 MiB = main.f130a99cfd1e1fba15c0.bundle.js 5.06 MiB main.453697d6cdd41f640d6d.hot-update.js 32.2 KiB
cached modules 4.63 MiB [cached] 564 modules
runtime modules 31.5 KiB 16 modules
./src/screens/analytics/TransactionAnalyticsScreen.tsx 29.6 KiB [built] [code generated]
webpack 5.101.3 compiled successfully in 369 ms
assets by status 504 KiB [cached] 2 assets
assets by status 5.1 MiB [emitted]
  assets by path *.js 5.1 MiB
    asset main.7e51722c11d9be547e3d.bundle.js 5.06 MiB [emitted] [immutable] (name: main)
    asset main.ca5f0f879525bf73819b.hot-update.js 32.5 KiB [emitted] [immutable] [hmr] (name: main)
  asset index.html 7.75 KiB [emitted]
  asset main.ca5f0f879525bf73819b.hot-update.json 28 bytes [emitted] [immutable] [hmr]
Entrypoint main 5.1 MiB = main.7e51722c11d9be547e3d.bundle.js 5.06 MiB main.ca5f0f879525bf73819b.hot-update.js 32.5 KiB
cached modules 4.63 MiB [cached] 564 modules
runtime modules 31.5 KiB 16 modules
./src/screens/analytics/TransactionAnalyticsScreen.tsx 29.9 KiB [built] [code generated]
webpack 5.101.3 compiled successfully in 252 ms
assets by status 504 KiB [cached] 2 assets
assets by status 5.1 MiB [emitted]
  assets by path *.js 5.1 MiB
    asset main.b9ee95b1805603736260.bundle.js 5.06 MiB [emitted] [immutable] (name: main)
    asset main.f7793d114ed55f0294e1.hot-update.js 32.6 KiB [emitted] [immutable] [hmr] (name: main)
  asset index.html 7.75 KiB [emitted]
  asset main.f7793d114ed55f0294e1.hot-update.json 28 bytes [emitted] [immutable] [hmr]
Entrypoint main 5.1 MiB = main.b9ee95b1805603736260.bundle.js 5.06 MiB main.f7793d114ed55f0294e1.hot-update.js 32.6 KiB
cached modules 4.63 MiB [cached] 564 modules
runtime modules 31.5 KiB 16 modules
./src/screens/analytics/TransactionAnalyticsScreen.tsx 29.9 KiB [built] [code generated]
webpack 5.101.3 compiled successfully in 315 ms
assets by status 504 KiB [cached] 2 assets
assets by status 5.1 MiB [emitted]
  assets by path *.js 5.1 MiB
    asset main.a9ddbfab899d36272c60.bundle.js 5.06 MiB [emitted] [immutable] (name: main)
    asset main.c71598fa6a326300ebcc.hot-update.js 32.7 KiB [emitted] [immutable] [hmr] (name: main)
  asset index.html 7.75 KiB [emitted]
  asset main.c71598fa6a326300ebcc.hot-update.json 28 bytes [emitted] [immutable] [hmr]
Entrypoint main 5.1 MiB = main.a9ddbfab899d36272c60.bundle.js 5.06 MiB main.c71598fa6a326300ebcc.hot-update.js 32.7 KiB
cached modules 4.63 MiB [cached] 564 modules
runtime modules 31.5 KiB 16 modules
./src/screens/analytics/TransactionAnalyticsScreen.tsx 30 KiB [built] [code generated]
webpack 5.101.3 compiled successfully in 282 ms
assets by status 504 KiB [cached] 2 assets
assets by status 5.1 MiB [emitted]
  assets by path *.js 5.1 MiB
    asset main.8fbf23c2662f9c86ee77.bundle.js 5.07 MiB [emitted] [immutable] (name: main)
    asset main.3f0b8ae7187657abbcd4.hot-update.js 32.8 KiB [emitted] [immutable] [hmr] (name: main)
  asset index.html 7.75 KiB [emitted]
  asset main.3f0b8ae7187657abbcd4.hot-update.json 28 bytes [emitted] [immutable] [hmr]
Entrypoint main 5.1 MiB = main.8fbf23c2662f9c86ee77.bundle.js 5.07 MiB main.3f0b8ae7187657abbcd4.hot-update.js 32.8 KiB
cached modules 4.63 MiB [cached] 564 modules
runtime modules 31.5 KiB 16 modules
./src/screens/analytics/TransactionAnalyticsScreen.tsx 30.2 KiB [built] [code generated]
webpack 5.101.3 compiled successfully in 281 ms
assets by status 504 KiB [cached] 2 assets
assets by status 5.1 MiB [emitted]
  assets by path *.js 5.1 MiB
    asset main.55f943f0a89aaec731c8.bundle.js 5.07 MiB [emitted] [immutable] (name: main)
    asset main.4451dd8a6c674c8a1080.hot-update.js 32.9 KiB [emitted] [immutable] [hmr] (name: main)
  asset index.html 7.75 KiB [emitted]
  asset main.4451dd8a6c674c8a1080.hot-update.json 28 bytes [emitted] [immutable] [hmr]
Entrypoint main 5.1 MiB = main.55f943f0a89aaec731c8.bundle.js 5.07 MiB main.4451dd8a6c674c8a1080.hot-update.js 32.9 KiB
cached modules 4.63 MiB [cached] 564 modules
runtime modules 31.5 KiB 16 modules
./src/screens/analytics/TransactionAnalyticsScreen.tsx 30.2 KiB [built] [code generated]
webpack 5.101.3 compiled successfully in 265 ms
assets by status 504 KiB [cached] 2 assets
assets by status 5.1 MiB [emitted]
  assets by path *.js 5.1 MiB
    asset main.7bebfcb98ec4f159c5c9.bundle.js 5.07 MiB [emitted] [immutable] (name: main)
    asset main.9ebc7a14dccd1d2dd134.hot-update.js 32.9 KiB [emitted] [immutable] [hmr] (name: main)
  asset index.html 7.75 KiB [emitted]
  asset main.9ebc7a14dccd1d2dd134.hot-update.json 28 bytes [emitted] [immutable] [hmr]
Entrypoint main 5.1 MiB = main.7bebfcb98ec4f159c5c9.bundle.js 5.07 MiB main.9ebc7a14dccd1d2dd134.hot-update.js 32.9 KiB
cached modules 4.63 MiB [cached] 564 modules
runtime modules 31.5 KiB 16 modules
./src/screens/analytics/TransactionAnalyticsScreen.tsx 30.2 KiB [built] [code generated]
webpack 5.101.3 compiled successfully in 266 ms
assets by status 504 KiB [cached] 2 assets
assets by status 5.11 MiB [emitted]
  assets by path *.js 5.1 MiB
    asset main.bf0868d38c1838d6999c.bundle.js 5.07 MiB [emitted] [immutable] (name: main)
    asset main.7ba846c25938f146df84.hot-update.js 33 KiB [emitted] [immutable] [hmr] (name: main)
  asset index.html 7.75 KiB [emitted]
  asset main.7ba846c25938f146df84.hot-update.json 28 bytes [emitted] [immutable] [hmr]
Entrypoint main 5.1 MiB = main.bf0868d38c1838d6999c.bundle.js 5.07 MiB main.7ba846c25938f146df84.hot-update.js 33 KiB
cached modules 4.63 MiB [cached] 564 modules
runtime modules 31.5 KiB 16 modules
./src/screens/analytics/TransactionAnalyticsScreen.tsx 30.4 KiB [built] [code generated]
webpack 5.101.3 compiled successfully in 268 ms
assets by status 504 KiB [cached] 2 assets
assets by status 5.11 MiB [emitted]
  assets by path *.js 5.1 MiB
    asset main.f6f8ce6e8a3258c8260b.bundle.js 5.07 MiB [emitted] [immutable] (name: main)
    asset main.916c3b27b66660c00bc3.hot-update.js 33.3 KiB [emitted] [immutable] [hmr] (name: main)
  asset index.html 7.75 KiB [emitted]
  asset main.916c3b27b66660c00bc3.hot-update.json 28 bytes [emitted] [immutable] [hmr]
Entrypoint main 5.1 MiB = main.f6f8ce6e8a3258c8260b.bundle.js 5.07 MiB main.916c3b27b66660c00bc3.hot-update.js 33.3 KiB
cached modules 4.63 MiB [cached] 564 modules
runtime modules 31.5 KiB 16 modules
./src/screens/analytics/TransactionAnalyticsScreen.tsx 30.6 KiB [built] [code generated]
webpack 5.101.3 compiled successfully in 275 ms
assets by status 504 KiB [cached] 2 assets
assets by status 5.11 MiB [emitted]
  assets by path *.js 5.1 MiB
    asset main.b7795f11d986a018376a.bundle.js 5.07 MiB [emitted] [immutable] (name: main)
    asset main.ca93ac7f68e970b3943d.hot-update.js 33.5 KiB [emitted] [immutable] [hmr] (name: main)
  asset index.html 7.75 KiB [emitted]
  asset main.ca93ac7f68e970b3943d.hot-update.json 28 bytes [emitted] [immutable] [hmr]
Entrypoint main 5.1 MiB = main.b7795f11d986a018376a.bundle.js 5.07 MiB main.ca93ac7f68e970b3943d.hot-update.js 33.5 KiB
cached modules 4.63 MiB [cached] 564 modules
runtime modules 31.5 KiB 16 modules
./src/screens/analytics/TransactionAnalyticsScreen.tsx 30.8 KiB [built] [code generated]
webpack 5.101.3 compiled successfully in 260 ms
assets by status 504 KiB [cached] 2 assets
assets by status 5.11 MiB [emitted]
  assets by path *.js 5.1 MiB
    asset main.f0a08578e14a2f59a77c.bundle.js 5.07 MiB [emitted] [immutable] (name: main)
    asset main.28c4f095cdb0983f03a3.hot-update.js 33.8 KiB [emitted] [immutable] [hmr] (name: main)
  asset index.html 7.75 KiB [emitted]
  asset main.28c4f095cdb0983f03a3.hot-update.json 28 bytes [emitted] [immutable] [hmr]
Entrypoint main 5.1 MiB = main.f0a08578e14a2f59a77c.bundle.js 5.07 MiB main.28c4f095cdb0983f03a3.hot-update.js 33.8 KiB
cached modules 4.63 MiB [cached] 564 modules
runtime modules 31.5 KiB 16 modules
./src/screens/analytics/TransactionAnalyticsScreen.tsx 31.1 KiB [built] [code generated]
webpack 5.101.3 compiled successfully in 275 ms
assets by status 504 KiB [cached] 2 assets
assets by status 5.11 MiB [emitted]
  assets by path *.js 5.1 MiB
    asset main.24571162b818c24fea04.bundle.js 5.07 MiB [emitted] [immutable] (name: main)
    asset main.6679dccfbc32b183cebc.hot-update.js 34 KiB [emitted] [immutable] [hmr] (name: main)
  asset index.html 7.75 KiB [emitted]
  asset main.6679dccfbc32b183cebc.hot-update.json 28 bytes [emitted] [immutable] [hmr]
Entrypoint main 5.1 MiB = main.24571162b818c24fea04.bundle.js 5.07 MiB main.6679dccfbc32b183cebc.hot-update.js 34 KiB
cached modules 4.63 MiB [cached] 564 modules
runtime modules 31.5 KiB 16 modules
./src/screens/analytics/TransactionAnalyticsScreen.tsx 31.4 KiB [built] [code generated]
webpack 5.101.3 compiled successfully in 269 ms
assets by status 504 KiB [cached] 2 assets
assets by status 5.11 MiB [emitted]
  assets by path *.js 5.1 MiB
    asset main.26aae82966f394536a34.bundle.js 5.07 MiB [emitted] [immutable] (name: main)
    asset main.e8ff1b773f800f3eebf6.hot-update.js 34 KiB [emitted] [immutable] [hmr] (name: main)
  asset index.html 7.75 KiB [emitted]
  asset main.e8ff1b773f800f3eebf6.hot-update.json 28 bytes [emitted] [immutable] [hmr]
Entrypoint main 5.1 MiB = main.26aae82966f394536a34.bundle.js 5.07 MiB main.e8ff1b773f800f3eebf6.hot-update.js 34 KiB
cached modules 4.63 MiB [cached] 564 modules
runtime modules 31.5 KiB 16 modules
./src/screens/analytics/TransactionAnalyticsScreen.tsx 31.4 KiB [built] [code generated]
webpack 5.101.3 compiled successfully in 198 ms
assets by status 504 KiB [cached] 2 assets
assets by status 5.13 MiB [emitted]
  assets by path *.js 5.12 MiB
    asset main.79fe2f1f18568d9fb97c.bundle.js 5.07 MiB [emitted] [immutable] (name: main)
    asset main.59c22fbacc496430a0b3.hot-update.js 55 KiB [emitted] [immutable] [hmr] (name: main)
  asset index.html 7.75 KiB [emitted]
  asset main.59c22fbacc496430a0b3.hot-update.json 28 bytes [emitted] [immutable] [hmr]
Entrypoint main 5.12 MiB = main.79fe2f1f18568d9fb97c.bundle.js 5.07 MiB main.59c22fbacc496430a0b3.hot-update.js 55 KiB
cached modules 4.61 MiB [cached] 564 modules
runtime modules 31.5 KiB 16 modules
./src/components/dashboard/ModernDashboardWithAI.tsx 52.2 KiB [built] [code generated]
webpack 5.101.3 compiled successfully in 437 ms
assets by status 504 KiB [cached] 2 assets
assets by status 4.95 MiB [emitted]
  assets by path *.js 4.94 MiB
    asset main.241609040bda1afa4d76.bundle.js 4.94 MiB [emitted] [immutable] (name: main)
    asset main.e3b9c61131ca7cd02a00.hot-update.js 7.78 KiB [emitted] [immutable] [hmr] (name: main)
  asset index.html 7.75 KiB [emitted]
  asset main.e3b9c61131ca7cd02a00.hot-update.json 458 bytes [emitted] [immutable] [hmr]
Entrypoint main 4.94 MiB = main.241609040bda1afa4d76.bundle.js 4.94 MiB main.e3b9c61131ca7cd02a00.hot-update.js 7.78 KiB
cached modules 4.53 MiB [cached] 555 modules
runtime modules 31.5 KiB 16 modules
./src/components/dashboard/ModernDashboardWithAI.tsx 39 bytes [built] [code generated] [1 error]

ERROR in ./src/components/dashboard/ModernDashboardWithAI.tsx
Module build failed (from ./node_modules/babel-loader/lib/index.js):
SyntaxError: /Users/bisiadedokun/bankapp/src/components/dashboard/ModernDashboardWithAI.tsx: Expected corresponding JSX closing tag for <WorldClassHeader>. (295:8)

  293 |             )}
  294 |           </View>
> 295 |         </View>
      |         ^
  296 |
  297 |         {/* Hero Section with Glassmorphism */}
  298 |         <View style={styles.heroSection}>
    at constructor (/Users/bisiadedokun/bankapp/node_modules/@babel/parser/lib/index.js:367:19)
    at TypeScriptParserMixin.raise (/Users/bisiadedokun/bankapp/node_modules/@babel/parser/lib/index.js:6630:19)
    at TypeScriptParserMixin.jsxParseElementAt (/Users/bisiadedokun/bankapp/node_modules/@babel/parser/lib/index.js:4760:16)
    at TypeScriptParserMixin.jsxParseElementAt (/Users/bisiadedokun/bankapp/node_modules/@babel/parser/lib/index.js:4731:32)
    at TypeScriptParserMixin.jsxParseElementAt (/Users/bisiadedokun/bankapp/node_modules/@babel/parser/lib/index.js:4731:32)
    at TypeScriptParserMixin.jsxParseElement (/Users/bisiadedokun/bankapp/node_modules/@babel/parser/lib/index.js:4782:17)
    at TypeScriptParserMixin.parseExprAtom (/Users/bisiadedokun/bankapp/node_modules/@babel/parser/lib/index.js:4792:19)
    at TypeScriptParserMixin.parseExprSubscripts (/Users/bisiadedokun/bankapp/node_modules/@babel/parser/lib/index.js:11085:23)
    at TypeScriptParserMixin.parseUpdate (/Users/bisiadedokun/bankapp/node_modules/@babel/parser/lib/index.js:11070:21)
    at TypeScriptParserMixin.parseMaybeUnary (/Users/bisiadedokun/bankapp/node_modules/@babel/parser/lib/index.js:11050:23)
    at TypeScriptParserMixin.parseMaybeUnary (/Users/bisiadedokun/bankapp/node_modules/@babel/parser/lib/index.js:9857:18)
    at TypeScriptParserMixin.parseMaybeUnaryOrPrivate (/Users/bisiadedokun/bankapp/node_modules/@babel/parser/lib/index.js:10903:61)
    at TypeScriptParserMixin.parseExprOps (/Users/bisiadedokun/bankapp/node_modules/@babel/parser/lib/index.js:10908:23)
    at TypeScriptParserMixin.parseMaybeConditional (/Users/bisiadedokun/bankapp/node_modules/@babel/parser/lib/index.js:10885:23)
    at TypeScriptParserMixin.parseMaybeAssign (/Users/bisiadedokun/bankapp/node_modules/@babel/parser/lib/index.js:10835:21)
    at /Users/bisiadedokun/bankapp/node_modules/@babel/parser/lib/index.js:9795:39
    at TypeScriptParserMixin.tryParse (/Users/bisiadedokun/bankapp/node_modules/@babel/parser/lib/index.js:6938:20)
    at TypeScriptParserMixin.parseMaybeAssign (/Users/bisiadedokun/bankapp/node_modules/@babel/parser/lib/index.js:9795:18)
    at /Users/bisiadedokun/bankapp/node_modules/@babel/parser/lib/index.js:10804:39
    at TypeScriptParserMixin.allowInAnd (/Users/bisiadedokun/bankapp/node_modules/@babel/parser/lib/index.js:12436:12)
    at TypeScriptParserMixin.parseMaybeAssignAllowIn (/Users/bisiadedokun/bankapp/node_modules/@babel/parser/lib/index.js:10804:17)
    at TypeScriptParserMixin.parseMaybeAssignAllowInOrVoidPattern (/Users/bisiadedokun/bankapp/node_modules/@babel/parser/lib/index.js:12503:17)
    at TypeScriptParserMixin.parseParenAndDistinguishExpression (/Users/bisiadedokun/bankapp/node_modules/@babel/parser/lib/index.js:11683:28)
    at TypeScriptParserMixin.parseExprAtom (/Users/bisiadedokun/bankapp/node_modules/@babel/parser/lib/index.js:11335:23)
    at TypeScriptParserMixin.parseExprAtom (/Users/bisiadedokun/bankapp/node_modules/@babel/parser/lib/index.js:4797:20)
    at TypeScriptParserMixin.parseExprSubscripts (/Users/bisiadedokun/bankapp/node_modules/@babel/parser/lib/index.js:11085:23)
    at TypeScriptParserMixin.parseUpdate (/Users/bisiadedokun/bankapp/node_modules/@babel/parser/lib/index.js:11070:21)
    at TypeScriptParserMixin.parseMaybeUnary (/Users/bisiadedokun/bankapp/node_modules/@babel/parser/lib/index.js:11050:23)
    at TypeScriptParserMixin.parseMaybeUnary (/Users/bisiadedokun/bankapp/node_modules/@babel/parser/lib/index.js:9857:18)
    at TypeScriptParserMixin.parseMaybeUnaryOrPrivate (/Users/bisiadedokun/bankapp/node_modules/@babel/parser/lib/index.js:10903:61)
    at TypeScriptParserMixin.parseExprOps (/Users/bisiadedokun/bankapp/node_modules/@babel/parser/lib/index.js:10908:23)
    at TypeScriptParserMixin.parseMaybeConditional (/Users/bisiadedokun/bankapp/node_modules/@babel/parser/lib/index.js:10885:23)
    at TypeScriptParserMixin.parseMaybeAssign (/Users/bisiadedokun/bankapp/node_modules/@babel/parser/lib/index.js:10835:21)
    at TypeScriptParserMixin.parseMaybeAssign (/Users/bisiadedokun/bankapp/node_modules/@babel/parser/lib/index.js:9806:20)
    at TypeScriptParserMixin.parseExpressionBase (/Users/bisiadedokun/bankapp/node_modules/@babel/parser/lib/index.js:10788:23)
    at /Users/bisiadedokun/bankapp/node_modules/@babel/parser/lib/index.js:10784:39
    at TypeScriptParserMixin.allowInAnd (/Users/bisiadedokun/bankapp/node_modules/@babel/parser/lib/index.js:12431:16)
    at TypeScriptParserMixin.parseExpression (/Users/bisiadedokun/bankapp/node_modules/@babel/parser/lib/index.js:10784:17)
    at TypeScriptParserMixin.parseReturnStatement (/Users/bisiadedokun/bankapp/node_modules/@babel/parser/lib/index.js:13151:28)
    at TypeScriptParserMixin.parseStatementContent (/Users/bisiadedokun/bankapp/node_modules/@babel/parser/lib/index.js:12807:21)
    at TypeScriptParserMixin.parseStatementContent (/Users/bisiadedokun/bankapp/node_modules/@babel/parser/lib/index.js:9532:18)
    at TypeScriptParserMixin.parseStatementLike (/Users/bisiadedokun/bankapp/node_modules/@babel/parser/lib/index.js:12776:17)
    at TypeScriptParserMixin.parseStatementListItem (/Users/bisiadedokun/bankapp/node_modules/@babel/parser/lib/index.js:12756:17)
    at TypeScriptParserMixin.parseBlockOrModuleBlockBody (/Users/bisiadedokun/bankapp/node_modules/@babel/parser/lib/index.js:13325:61)
    at TypeScriptParserMixin.parseBlockBody (/Users/bisiadedokun/bankapp/node_modules/@babel/parser/lib/index.js:13318:10)
    at TypeScriptParserMixin.parseBlock (/Users/bisiadedokun/bankapp/node_modules/@babel/parser/lib/index.js:13306:10)
    at TypeScriptParserMixin.parseFunctionBody (/Users/bisiadedokun/bankapp/node_modules/@babel/parser/lib/index.js:12110:24)
    at TypeScriptParserMixin.parseArrowExpression (/Users/bisiadedokun/bankapp/node_modules/@babel/parser/lib/index.js:12085:10)
    at TypeScriptParserMixin.parseParenAndDistinguishExpression (/Users/bisiadedokun/bankapp/node_modules/@babel/parser/lib/index.js:11695:12)
    at TypeScriptParserMixin.parseExprAtom (/Users/bisiadedokun/bankapp/node_modules/@babel/parser/lib/index.js:11335:23)
 @ ./src/screens/dashboard/ModernDashboardScreen.tsx 1:776-835
 @ ./src/screens/index.ts 1:2537-2581
 @ ./src/navigation/WebNavigator.tsx 1:957-978
 @ ./App.tsx 1:1073-1113
 @ ./index.web.js 1:209-225

webpack 5.101.3 compiled with 1 error in 77 ms
assets by status 504 KiB [cached] 2 assets
assets by status 5.22 MiB [emitted]
  assets by path *.js 5.21 MiB
    asset main.9c1ac492e4d65e23ab07.bundle.js 5.07 MiB [emitted] [immutable] (name: main)
    asset main.73220de0fc7c3251c977.hot-update.js 146 KiB [emitted] [immutable] [hmr] (name: main)
  asset index.html 7.75 KiB [emitted]
  asset main.73220de0fc7c3251c977.hot-update.json 28 bytes [emitted] [immutable] [hmr]
Entrypoint main 5.21 MiB = main.9c1ac492e4d65e23ab07.bundle.js 5.07 MiB main.73220de0fc7c3251c977.hot-update.js 146 KiB
cached modules 4.61 MiB [cached] 564 modules
runtime modules 31.5 KiB 16 modules
javascript modules 56 KiB
  ./src/components/dashboard/ModernDashboardWithAI.tsx 52.4 KiB [built] [code generated]
  ./src/components/ui/WorldClassHeader.tsx 3.55 KiB [built] [code generated]
webpack 5.101.3 compiled successfully in 388 ms
assets by status 504 KiB [cached] 2 assets
assets by status 5.13 MiB [emitted]
  assets by path *.js 5.12 MiB
    asset main.1c788859f6f2117001b7.bundle.js 5.07 MiB [emitted] [immutable] (name: main)
    asset main.167d41abf1cafab8b375.hot-update.js 54.9 KiB [emitted] [immutable] [hmr] (name: main)
  asset index.html 7.75 KiB [emitted]
  asset main.167d41abf1cafab8b375.hot-update.json 28 bytes [emitted] [immutable] [hmr]
Entrypoint main 5.12 MiB = main.1c788859f6f2117001b7.bundle.js 5.07 MiB main.167d41abf1cafab8b375.hot-update.js 54.9 KiB
cached modules 4.61 MiB [cached] 565 modules
runtime modules 31.5 KiB 16 modules
./src/components/dashboard/ModernDashboardWithAI.tsx 52.1 KiB [built] [code generated]
webpack 5.101.3 compiled successfully in 371 ms
assets by status 504 KiB [cached] 2 assets
assets by status 5.13 MiB [emitted]
  assets by path *.js 5.12 MiB
    asset main.ced5d855904e38283e67.bundle.js 5.07 MiB [emitted] [immutable] (name: main)
    asset main.ab0800400bdd8cece735.hot-update.js 55 KiB [emitted] [immutable] [hmr] (name: main)
  asset index.html 7.75 KiB [emitted]
  asset main.ab0800400bdd8cece735.hot-update.json 70 bytes [emitted] [immutable] [hmr]
Entrypoint main 5.12 MiB = main.ced5d855904e38283e67.bundle.js 5.07 MiB main.ab0800400bdd8cece735.hot-update.js 55 KiB
cached modules 4.61 MiB [cached] 564 modules
runtime modules 31.5 KiB 16 modules
./src/components/dashboard/ModernDashboardWithAI.tsx 52.1 KiB [code generated]

ERROR in ./src/components/dashboard/ModernDashboardWithAI.tsx 1:1461-1494
Module not found: Error: Can't resolve '../ui/WorldClassHeader' in '/Users/bisiadedokun/bankapp/src/components/dashboard'
resolve '../ui/WorldClassHeader' in '/Users/bisiadedokun/bankapp/src/components/dashboard'
  using description file: /Users/bisiadedokun/bankapp/package.json (relative path: ./src/components/dashboard)
    Field 'browser' doesn't contain a valid alias configuration
    using description file: /Users/bisiadedokun/bankapp/package.json (relative path: ./src/components/ui/WorldClassHeader)
      no extension
        Field 'browser' doesn't contain a valid alias configuration
        /Users/bisiadedokun/bankapp/src/components/ui/WorldClassHeader doesn't exist
      .web.tsx
        Field 'browser' doesn't contain a valid alias configuration
        /Users/bisiadedokun/bankapp/src/components/ui/WorldClassHeader.web.tsx doesn't exist
      .web.ts
        Field 'browser' doesn't contain a valid alias configuration
        /Users/bisiadedokun/bankapp/src/components/ui/WorldClassHeader.web.ts doesn't exist
      .tsx
        Field 'browser' doesn't contain a valid alias configuration
        /Users/bisiadedokun/bankapp/src/components/ui/WorldClassHeader.tsx doesn't exist
      .ts
        Field 'browser' doesn't contain a valid alias configuration
        /Users/bisiadedokun/bankapp/src/components/ui/WorldClassHeader.ts doesn't exist
      .web.jsx
        Field 'browser' doesn't contain a valid alias configuration
        /Users/bisiadedokun/bankapp/src/components/ui/WorldClassHeader.web.jsx doesn't exist
      .web.js
        Field 'browser' doesn't contain a valid alias configuration
        /Users/bisiadedokun/bankapp/src/components/ui/WorldClassHeader.web.js doesn't exist
      .jsx
        Field 'browser' doesn't contain a valid alias configuration
        /Users/bisiadedokun/bankapp/src/components/ui/WorldClassHeader.jsx doesn't exist
      .js
        Field 'browser' doesn't contain a valid alias configuration
        /Users/bisiadedokun/bankapp/src/components/ui/WorldClassHeader.js doesn't exist
      .mjs
        Field 'browser' doesn't contain a valid alias configuration
        /Users/bisiadedokun/bankapp/src/components/ui/WorldClassHeader.mjs doesn't exist
      as directory
        /Users/bisiadedokun/bankapp/src/components/ui/WorldClassHeader doesn't exist
 @ ./src/screens/dashboard/ModernDashboardScreen.tsx 1:776-835
 @ ./src/screens/index.ts 1:2537-2581
 @ ./src/navigation/WebNavigator.tsx 1:957-978
 @ ./App.tsx 1:1073-1113
 @ ./index.web.js 1:209-225

webpack 5.101.3 compiled with 1 error in 74 ms
assets by status 504 KiB [cached] 2 assets
assets by status 5.13 MiB [emitted]
  assets by path *.js 5.12 MiB
    asset main.8e80feaefbf084f04242.bundle.js 5.07 MiB [emitted] [immutable] (name: main)
    asset main.9d4f7a3c2c15f1c83782.hot-update.js 54.8 KiB [emitted] [immutable] [hmr] (name: main)
  asset index.html 7.75 KiB [emitted]
  asset main.9d4f7a3c2c15f1c83782.hot-update.json 28 bytes [emitted] [immutable] [hmr]
Entrypoint main 5.12 MiB = main.8e80feaefbf084f04242.bundle.js 5.07 MiB main.9d4f7a3c2c15f1c83782.hot-update.js 54.8 KiB
cached modules 4.61 MiB [cached] 564 modules
runtime modules 31.5 KiB 16 modules
./src/components/dashboard/ModernDashboardWithAI.tsx 52 KiB [built] [code generated]
webpack 5.101.3 compiled successfully in 493 ms
assets by status 504 KiB [cached] 2 assets
assets by status 4.95 MiB [emitted]
  assets by path *.js 4.94 MiB
    asset main.7df3b95138596b68f8df.bundle.js 4.94 MiB [emitted] [immutable] (name: main)
    asset main.da49ee7101809dda4881.hot-update.js 7.79 KiB [emitted] [immutable] [hmr] (name: main)
  asset index.html 7.75 KiB [emitted]
  asset main.da49ee7101809dda4881.hot-update.json 458 bytes [emitted] [immutable] [hmr]
Entrypoint main 4.94 MiB = main.7df3b95138596b68f8df.bundle.js 4.94 MiB main.da49ee7101809dda4881.hot-update.js 7.79 KiB
cached modules 4.53 MiB [cached] 555 modules
runtime modules 31.5 KiB 16 modules
./src/components/dashboard/ModernDashboardWithAI.tsx 39 bytes [built] [code generated] [1 error]

ERROR in ./src/components/dashboard/ModernDashboardWithAI.tsx
Module build failed (from ./node_modules/babel-loader/lib/index.js):
SyntaxError: /Users/bisiadedokun/bankapp/src/components/dashboard/ModernDashboardWithAI.tsx: Expected corresponding JSX closing tag for <ReusableHeader>. (295:8)

  293 |             )}
  294 |           </View>
> 295 |         </WorldClassHeader>
      |         ^
  296 |
  297 |         {/* Hero Section with Glassmorphism */}
  298 |         <View style={styles.heroSection}>
    at constructor (/Users/bisiadedokun/bankapp/node_modules/@babel/parser/lib/index.js:367:19)
    at TypeScriptParserMixin.raise (/Users/bisiadedokun/bankapp/node_modules/@babel/parser/lib/index.js:6630:19)
    at TypeScriptParserMixin.jsxParseElementAt (/Users/bisiadedokun/bankapp/node_modules/@babel/parser/lib/index.js:4760:16)
    at TypeScriptParserMixin.jsxParseElementAt (/Users/bisiadedokun/bankapp/node_modules/@babel/parser/lib/index.js:4731:32)
    at TypeScriptParserMixin.jsxParseElementAt (/Users/bisiadedokun/bankapp/node_modules/@babel/parser/lib/index.js:4731:32)
    at TypeScriptParserMixin.jsxParseElement (/Users/bisiadedokun/bankapp/node_modules/@babel/parser/lib/index.js:4782:17)
    at TypeScriptParserMixin.parseExprAtom (/Users/bisiadedokun/bankapp/node_modules/@babel/parser/lib/index.js:4792:19)
    at TypeScriptParserMixin.parseExprSubscripts (/Users/bisiadedokun/bankapp/node_modules/@babel/parser/lib/index.js:11085:23)
    at TypeScriptParserMixin.parseUpdate (/Users/bisiadedokun/bankapp/node_modules/@babel/parser/lib/index.js:11070:21)
    at TypeScriptParserMixin.parseMaybeUnary (/Users/bisiadedokun/bankapp/node_modules/@babel/parser/lib/index.js:11050:23)
    at TypeScriptParserMixin.parseMaybeUnary (/Users/bisiadedokun/bankapp/node_modules/@babel/parser/lib/index.js:9857:18)
    at TypeScriptParserMixin.parseMaybeUnaryOrPrivate (/Users/bisiadedokun/bankapp/node_modules/@babel/parser/lib/index.js:10903:61)
    at TypeScriptParserMixin.parseExprOps (/Users/bisiadedokun/bankapp/node_modules/@babel/parser/lib/index.js:10908:23)
    at TypeScriptParserMixin.parseMaybeConditional (/Users/bisiadedokun/bankapp/node_modules/@babel/parser/lib/index.js:10885:23)
    at TypeScriptParserMixin.parseMaybeAssign (/Users/bisiadedokun/bankapp/node_modules/@babel/parser/lib/index.js:10835:21)
    at /Users/bisiadedokun/bankapp/node_modules/@babel/parser/lib/index.js:9795:39
    at TypeScriptParserMixin.tryParse (/Users/bisiadedokun/bankapp/node_modules/@babel/parser/lib/index.js:6938:20)
    at TypeScriptParserMixin.parseMaybeAssign (/Users/bisiadedokun/bankapp/node_modules/@babel/parser/lib/index.js:9795:18)
    at /Users/bisiadedokun/bankapp/node_modules/@babel/parser/lib/index.js:10804:39
    at TypeScriptParserMixin.allowInAnd (/Users/bisiadedokun/bankapp/node_modules/@babel/parser/lib/index.js:12436:12)
    at TypeScriptParserMixin.parseMaybeAssignAllowIn (/Users/bisiadedokun/bankapp/node_modules/@babel/parser/lib/index.js:10804:17)
    at TypeScriptParserMixin.parseMaybeAssignAllowInOrVoidPattern (/Users/bisiadedokun/bankapp/node_modules/@babel/parser/lib/index.js:12503:17)
    at TypeScriptParserMixin.parseParenAndDistinguishExpression (/Users/bisiadedokun/bankapp/node_modules/@babel/parser/lib/index.js:11683:28)
    at TypeScriptParserMixin.parseExprAtom (/Users/bisiadedokun/bankapp/node_modules/@babel/parser/lib/index.js:11335:23)
    at TypeScriptParserMixin.parseExprAtom (/Users/bisiadedokun/bankapp/node_modules/@babel/parser/lib/index.js:4797:20)
    at TypeScriptParserMixin.parseExprSubscripts (/Users/bisiadedokun/bankapp/node_modules/@babel/parser/lib/index.js:11085:23)
    at TypeScriptParserMixin.parseUpdate (/Users/bisiadedokun/bankapp/node_modules/@babel/parser/lib/index.js:11070:21)
    at TypeScriptParserMixin.parseMaybeUnary (/Users/bisiadedokun/bankapp/node_modules/@babel/parser/lib/index.js:11050:23)
    at TypeScriptParserMixin.parseMaybeUnary (/Users/bisiadedokun/bankapp/node_modules/@babel/parser/lib/index.js:9857:18)
    at TypeScriptParserMixin.parseMaybeUnaryOrPrivate (/Users/bisiadedokun/bankapp/node_modules/@babel/parser/lib/index.js:10903:61)
    at TypeScriptParserMixin.parseExprOps (/Users/bisiadedokun/bankapp/node_modules/@babel/parser/lib/index.js:10908:23)
    at TypeScriptParserMixin.parseMaybeConditional (/Users/bisiadedokun/bankapp/node_modules/@babel/parser/lib/index.js:10885:23)
    at TypeScriptParserMixin.parseMaybeAssign (/Users/bisiadedokun/bankapp/node_modules/@babel/parser/lib/index.js:10835:21)
    at TypeScriptParserMixin.parseMaybeAssign (/Users/bisiadedokun/bankapp/node_modules/@babel/parser/lib/index.js:9806:20)
    at TypeScriptParserMixin.parseExpressionBase (/Users/bisiadedokun/bankapp/node_modules/@babel/parser/lib/index.js:10788:23)
    at /Users/bisiadedokun/bankapp/node_modules/@babel/parser/lib/index.js:10784:39
    at TypeScriptParserMixin.allowInAnd (/Users/bisiadedokun/bankapp/node_modules/@babel/parser/lib/index.js:12431:16)
    at TypeScriptParserMixin.parseExpression (/Users/bisiadedokun/bankapp/node_modules/@babel/parser/lib/index.js:10784:17)
    at TypeScriptParserMixin.parseReturnStatement (/Users/bisiadedokun/bankapp/node_modules/@babel/parser/lib/index.js:13151:28)
    at TypeScriptParserMixin.parseStatementContent (/Users/bisiadedokun/bankapp/node_modules/@babel/parser/lib/index.js:12807:21)
    at TypeScriptParserMixin.parseStatementContent (/Users/bisiadedokun/bankapp/node_modules/@babel/parser/lib/index.js:9532:18)
    at TypeScriptParserMixin.parseStatementLike (/Users/bisiadedokun/bankapp/node_modules/@babel/parser/lib/index.js:12776:17)
    at TypeScriptParserMixin.parseStatementListItem (/Users/bisiadedokun/bankapp/node_modules/@babel/parser/lib/index.js:12756:17)
    at TypeScriptParserMixin.parseBlockOrModuleBlockBody (/Users/bisiadedokun/bankapp/node_modules/@babel/parser/lib/index.js:13325:61)
    at TypeScriptParserMixin.parseBlockBody (/Users/bisiadedokun/bankapp/node_modules/@babel/parser/lib/index.js:13318:10)
    at TypeScriptParserMixin.parseBlock (/Users/bisiadedokun/bankapp/node_modules/@babel/parser/lib/index.js:13306:10)
    at TypeScriptParserMixin.parseFunctionBody (/Users/bisiadedokun/bankapp/node_modules/@babel/parser/lib/index.js:12110:24)
    at TypeScriptParserMixin.parseArrowExpression (/Users/bisiadedokun/bankapp/node_modules/@babel/parser/lib/index.js:12085:10)
    at TypeScriptParserMixin.parseParenAndDistinguishExpression (/Users/bisiadedokun/bankapp/node_modules/@babel/parser/lib/index.js:11695:12)
    at TypeScriptParserMixin.parseExprAtom (/Users/bisiadedokun/bankapp/node_modules/@babel/parser/lib/index.js:11335:23)
 @ ./src/screens/dashboard/ModernDashboardScreen.tsx 1:776-835
 @ ./src/screens/index.ts 1:2537-2581
 @ ./src/navigation/WebNavigator.tsx 1:957-978
 @ ./App.tsx 1:1073-1113
 @ ./index.web.js 1:209-225

webpack 5.101.3 compiled with 1 error in 61 ms
assets by status 504 KiB [cached] 2 assets
assets by status 5.22 MiB [emitted]
  assets by path *.js 5.21 MiB
    asset main.dfe24394fb000292221c.bundle.js 5.07 MiB [emitted] [immutable] (name: main)
    asset main.1b91273aed900ce42483.hot-update.js 146 KiB [emitted] [immutable] [hmr] (name: main)
  asset index.html 7.75 KiB [emitted]
  asset main.1b91273aed900ce42483.hot-update.json 28 bytes [emitted] [immutable] [hmr]
Entrypoint main 5.21 MiB = main.dfe24394fb000292221c.bundle.js 5.07 MiB main.1b91273aed900ce42483.hot-update.js 146 KiB
cached modules 4.61 MiB [cached] 564 modules
runtime modules 31.5 KiB 16 modules
javascript modules 55.6 KiB
  ./src/components/dashboard/ModernDashboardWithAI.tsx 52.1 KiB [built] [code generated]
  ./src/components/ui/ReusableHeader.tsx 3.54 KiB [built] [code generated]
webpack 5.101.3 compiled successfully in 375 ms
assets by status 5.57 MiB [cached] 4 assets
cached modules 4.61 MiB (javascript) 31.5 KiB (runtime) [cached] 581 modules
./src/components/dashboard/ModernDashboardWithAI.tsx 52.1 KiB [built]
webpack 5.101.3 compiled successfully in 276 ms
assets by status 504 KiB [cached] 2 assets
assets by status 5.08 MiB [emitted]
  assets by path *.js 5.08 MiB
    asset main.7ed4deaa7f44b4a8359d.bundle.js 5.07 MiB [emitted] [immutable] (name: main)
    asset main.bf6528aa3105e3900d89.hot-update.js 5.3 KiB [emitted] [immutable] [hmr] (name: main)
  asset index.html 7.75 KiB [emitted]
  asset main.bf6528aa3105e3900d89.hot-update.json 28 bytes [emitted] [immutable] [hmr]
Entrypoint main 5.08 MiB = main.7ed4deaa7f44b4a8359d.bundle.js 5.07 MiB main.bf6528aa3105e3900d89.hot-update.js 5.3 KiB
cached modules 4.66 MiB [cached] 565 modules
runtime modules 31.5 KiB 16 modules
./src/components/ui/ReusableHeader.tsx 3.54 KiB [built] [code generated]
webpack 5.101.3 compiled successfully in 111 ms
assets by status 5.57 MiB [cached] 4 assets
cached modules 4.66 MiB (javascript) 31.5 KiB (runtime) [cached] 581 modules
./src/components/ui/ReusableHeader.tsx 3.54 KiB [built]
webpack 5.101.3 compiled successfully in 73 ms
assets by status 504 KiB [cached] 2 assets
assets by status 5.08 MiB [emitted]
  assets by path *.js 5.08 MiB
    asset main.aa0c78499141e45f47ef.bundle.js 5.07 MiB [emitted] [immutable] (name: main)
    asset main.8dc870227cfea9c7b46e.hot-update.js 5.13 KiB [emitted] [immutable] [hmr] (name: main)
  asset index.html 7.75 KiB [emitted]
  asset main.8dc870227cfea9c7b46e.hot-update.json 28 bytes [emitted] [immutable] [hmr]
Entrypoint main 5.08 MiB = main.aa0c78499141e45f47ef.bundle.js 5.07 MiB main.8dc870227cfea9c7b46e.hot-update.js 5.13 KiB
cached modules 4.66 MiB [cached] 565 modules
runtime modules 31.5 KiB 16 modules
./src/components/ui/ReusableHeader.tsx 3.37 KiB [built] [code generated]
webpack 5.101.3 compiled successfully in 118 ms
assets by status 5.57 MiB [cached] 4 assets
cached modules 4.66 MiB (javascript) 31.5 KiB (runtime) [cached] 581 modules
./src/components/ui/ReusableHeader.tsx 3.37 KiB [built]
webpack 5.101.3 compiled successfully in 70 ms
assets by status 504 KiB [cached] 2 assets
assets by status 5.08 MiB [emitted]
  assets by path *.js 5.07 MiB
    asset main.7c973bad9f7f45025e1b.bundle.js 5.07 MiB [emitted] [immutable] (name: main)
    asset main.8f16db622edc1a154290.hot-update.js 3.63 KiB [emitted] [immutable] [hmr] (name: main)
  asset index.html 7.75 KiB [emitted]
  asset main.8f16db622edc1a154290.hot-update.json 28 bytes [emitted] [immutable] [hmr]
Entrypoint main 5.07 MiB = main.7c973bad9f7f45025e1b.bundle.js 5.07 MiB main.8f16db622edc1a154290.hot-update.js 3.63 KiB
cached modules 4.66 MiB [cached] 565 modules
runtime modules 31.5 KiB 16 modules
./src/components/ui/ReusableHeader.tsx 2.04 KiB [built] [code generated]
webpack 5.101.3 compiled successfully in 99 ms
assets by status 5.57 MiB [cached] 4 assets
cached modules 4.66 MiB (javascript) 31.5 KiB (runtime) [cached] 581 modules
./src/components/ui/ReusableHeader.tsx 2.04 KiB [built]
webpack 5.101.3 compiled successfully in 62 ms
assets by status 504 KiB [cached] 2 assets
assets by status 5.08 MiB [emitted]
  assets by path *.js 5.07 MiB
    asset main.ad7372ed859ca6ee89df.bundle.js 5.07 MiB [emitted] [immutable] (name: main)
    asset main.f8d44acd198a5cb20f77.hot-update.js 3.65 KiB [emitted] [immutable] [hmr] (name: main)
  asset index.html 7.75 KiB [emitted]
  asset main.f8d44acd198a5cb20f77.hot-update.json 28 bytes [emitted] [immutable] [hmr]
Entrypoint main 5.07 MiB = main.ad7372ed859ca6ee89df.bundle.js 5.07 MiB main.f8d44acd198a5cb20f77.hot-update.js 3.65 KiB
cached modules 4.66 MiB [cached] 565 modules
runtime modules 31.5 KiB 16 modules
./src/components/ui/ReusableHeader.tsx 2.06 KiB [built] [code generated]
webpack 5.101.3 compiled successfully in 99 ms
assets by status 504 KiB [cached] 2 assets
assets by status 5.08 MiB [emitted]
  assets by path *.js 5.07 MiB
    asset main.5c4af3fed2888df021d7.bundle.js 5.07 MiB [emitted] [immutable] (name: main)
    asset main.7476b80512161fc1ac43.hot-update.js 3.65 KiB [emitted] [immutable] [hmr] (name: main)
  asset index.html 7.75 KiB [emitted]
  asset main.7476b80512161fc1ac43.hot-update.json 28 bytes [emitted] [immutable] [hmr]
Entrypoint main 5.07 MiB = main.5c4af3fed2888df021d7.bundle.js 5.07 MiB main.7476b80512161fc1ac43.hot-update.js 3.65 KiB
cached modules 4.66 MiB [cached] 565 modules
runtime modules 31.5 KiB 16 modules
./src/components/ui/ReusableHeader.tsx 2.06 KiB [built] [code generated]
webpack 5.101.3 compiled successfully in 85 ms
assets by status 504 KiB [cached] 2 assets
assets by status 5.08 MiB [emitted]
  assets by path *.js 5.07 MiB
    asset main.e29f2365957c3696b232.bundle.js 5.07 MiB [emitted] [immutable] (name: main)
    asset main.9302617e5ba2def782e9.hot-update.js 3.57 KiB [emitted] [immutable] [hmr] (name: main)
  asset index.html 7.75 KiB [emitted]
  asset main.9302617e5ba2def782e9.hot-update.json 28 bytes [emitted] [immutable] [hmr]
Entrypoint main 5.07 MiB = main.e29f2365957c3696b232.bundle.js 5.07 MiB main.9302617e5ba2def782e9.hot-update.js 3.57 KiB
cached modules 4.66 MiB [cached] 565 modules
runtime modules 31.5 KiB 16 modules
./src/components/ui/ReusableHeader.tsx 1.98 KiB [built] [code generated]
webpack 5.101.3 compiled successfully in 86 ms
assets by status 504 KiB [cached] 2 assets
assets by status 5.08 MiB [emitted]
  assets by path *.js 5.07 MiB
    asset main.58fad0650eed3c7efae8.bundle.js 5.07 MiB [emitted] [immutable] (name: main)
    asset main.f5f572c5040c2f69b973.hot-update.js 3.58 KiB [emitted] [immutable] [hmr] (name: main)
  asset index.html 7.75 KiB [emitted]
  asset main.f5f572c5040c2f69b973.hot-update.json 28 bytes [emitted] [immutable] [hmr]
Entrypoint main 5.07 MiB = main.58fad0650eed3c7efae8.bundle.js 5.07 MiB main.f5f572c5040c2f69b973.hot-update.js 3.58 KiB
cached modules 4.66 MiB [cached] 565 modules
runtime modules 31.5 KiB 16 modules
./src/components/ui/ReusableHeader.tsx 1.99 KiB [built] [code generated]
webpack 5.101.3 compiled successfully in 109 ms
assets by status 504 KiB [cached] 2 assets
assets by status 5.08 MiB [emitted]
  assets by path *.js 5.07 MiB
    asset main.39110884532c8066f08a.bundle.js 5.07 MiB [emitted] [immutable] (name: main)
    asset main.4cb0209c0677e2e99bd9.hot-update.js 3.56 KiB [emitted] [immutable] [hmr] (name: main)
  asset index.html 7.75 KiB [emitted]
  asset main.4cb0209c0677e2e99bd9.hot-update.json 28 bytes [emitted] [immutable] [hmr]
Entrypoint main 5.07 MiB = main.39110884532c8066f08a.bundle.js 5.07 MiB main.4cb0209c0677e2e99bd9.hot-update.js 3.56 KiB
cached modules 4.66 MiB [cached] 565 modules
runtime modules 31.5 KiB 16 modules
./src/components/ui/ReusableHeader.tsx 1.97 KiB [built] [code generated]
webpack 5.101.3 compiled successfully in 103 ms
assets by status 504 KiB [cached] 2 assets
assets by status 5.08 MiB [emitted]
  assets by path *.js 5.07 MiB
    asset main.e5c6064b6aab24cf632f.bundle.js 5.07 MiB [emitted] [immutable] (name: main)
    asset main.56c13bd5e10d293148da.hot-update.js 3.54 KiB [emitted] [immutable] [hmr] (name: main)
  asset index.html 7.75 KiB [emitted]
  asset main.56c13bd5e10d293148da.hot-update.json 28 bytes [emitted] [immutable] [hmr]
Entrypoint main 5.07 MiB = main.e5c6064b6aab24cf632f.bundle.js 5.07 MiB main.56c13bd5e10d293148da.hot-update.js 3.54 KiB
cached modules 4.66 MiB [cached] 565 modules
runtime modules 31.5 KiB 16 modules
./src/components/ui/ReusableHeader.tsx 1.96 KiB [built] [code generated]
webpack 5.101.3 compiled successfully in 87 ms
assets by status 504 KiB [cached] 2 assets
assets by status 5.08 MiB [emitted]
  assets by path *.js 5.07 MiB
    asset main.7821735e6334a254acc8.bundle.js 5.07 MiB [emitted] [immutable] (name: main)
    asset main.a4f8d5120d1ae2efd756.hot-update.js 3.55 KiB [emitted] [immutable] [hmr] (name: main)
  asset index.html 7.75 KiB [emitted]
  asset main.a4f8d5120d1ae2efd756.hot-update.json 28 bytes [emitted] [immutable] [hmr]
Entrypoint main 5.07 MiB = main.7821735e6334a254acc8.bundle.js 5.07 MiB main.a4f8d5120d1ae2efd756.hot-update.js 3.55 KiB
cached modules 4.66 MiB [cached] 565 modules
runtime modules 31.5 KiB 16 modules
./src/components/ui/ReusableHeader.tsx 1.96 KiB [built] [code generated]
webpack 5.101.3 compiled successfully in 69 ms
assets by status 504 KiB [cached] 2 assets
assets by status 5.08 MiB [emitted]
  assets by path *.js 5.07 MiB
    asset main.421c6433143c1d179d11.bundle.js 5.07 MiB [emitted] [immutable] (name: main)
    asset main.30a7d5ddfd1994c3d157.hot-update.js 3.59 KiB [emitted] [immutable] [hmr] (name: main)
  asset index.html 7.75 KiB [emitted]
  asset main.30a7d5ddfd1994c3d157.hot-update.json 28 bytes [emitted] [immutable] [hmr]
Entrypoint main 5.07 MiB = main.421c6433143c1d179d11.bundle.js 5.07 MiB main.30a7d5ddfd1994c3d157.hot-update.js 3.59 KiB
cached modules 4.66 MiB [cached] 565 modules
runtime modules 31.5 KiB 16 modules
./src/components/ui/ReusableHeader.tsx 2 KiB [built] [code generated]
webpack 5.101.3 compiled successfully in 99 ms
assets by status 504 KiB [cached] 2 assets
assets by status 4.95 MiB [emitted]
  assets by path *.js 4.94 MiB
    asset main.c929bf6e7a5d72b8180e.bundle.js 4.94 MiB [emitted] [immutable] (name: main)
    asset main.f571539b7d56bda93aa2.hot-update.js 7.77 KiB [emitted] [immutable] [hmr] (name: main)
  asset index.html 7.75 KiB [emitted]
  asset main.f571539b7d56bda93aa2.hot-update.json 499 bytes [emitted] [immutable] [hmr]
Entrypoint main 4.94 MiB = main.c929bf6e7a5d72b8180e.bundle.js 4.94 MiB main.f571539b7d56bda93aa2.hot-update.js 7.77 KiB
cached modules 4.53 MiB [cached] 555 modules
runtime modules 31.5 KiB 16 modules
./src/components/dashboard/ModernDashboardWithAI.tsx 39 bytes [built] [code generated] [1 error]

ERROR in ./src/components/dashboard/ModernDashboardWithAI.tsx
Module build failed (from ./node_modules/babel-loader/lib/index.js):
SyntaxError: /Users/bisiadedokun/bankapp/src/components/dashboard/ModernDashboardWithAI.tsx: Expected corresponding JSX closing tag for <View>. (289:8)

  287 |             )}
  288 |           </View>
> 289 |         </ReusableHeader>
      |         ^
  290 |
  291 |         {/* Hero Section with Glassmorphism */}
  292 |         <View style={styles.heroSection}>
    at constructor (/Users/bisiadedokun/bankapp/node_modules/@babel/parser/lib/index.js:367:19)
    at TypeScriptParserMixin.raise (/Users/bisiadedokun/bankapp/node_modules/@babel/parser/lib/index.js:6630:19)
    at TypeScriptParserMixin.jsxParseElementAt (/Users/bisiadedokun/bankapp/node_modules/@babel/parser/lib/index.js:4760:16)
    at TypeScriptParserMixin.jsxParseElementAt (/Users/bisiadedokun/bankapp/node_modules/@babel/parser/lib/index.js:4731:32)
    at TypeScriptParserMixin.jsxParseElementAt (/Users/bisiadedokun/bankapp/node_modules/@babel/parser/lib/index.js:4731:32)
    at TypeScriptParserMixin.jsxParseElement (/Users/bisiadedokun/bankapp/node_modules/@babel/parser/lib/index.js:4782:17)
    at TypeScriptParserMixin.parseExprAtom (/Users/bisiadedokun/bankapp/node_modules/@babel/parser/lib/index.js:4792:19)
    at TypeScriptParserMixin.parseExprSubscripts (/Users/bisiadedokun/bankapp/node_modules/@babel/parser/lib/index.js:11085:23)
    at TypeScriptParserMixin.parseUpdate (/Users/bisiadedokun/bankapp/node_modules/@babel/parser/lib/index.js:11070:21)
    at TypeScriptParserMixin.parseMaybeUnary (/Users/bisiadedokun/bankapp/node_modules/@babel/parser/lib/index.js:11050:23)
    at TypeScriptParserMixin.parseMaybeUnary (/Users/bisiadedokun/bankapp/node_modules/@babel/parser/lib/index.js:9857:18)
    at TypeScriptParserMixin.parseMaybeUnaryOrPrivate (/Users/bisiadedokun/bankapp/node_modules/@babel/parser/lib/index.js:10903:61)
    at TypeScriptParserMixin.parseExprOps (/Users/bisiadedokun/bankapp/node_modules/@babel/parser/lib/index.js:10908:23)
    at TypeScriptParserMixin.parseMaybeConditional (/Users/bisiadedokun/bankapp/node_modules/@babel/parser/lib/index.js:10885:23)
    at TypeScriptParserMixin.parseMaybeAssign (/Users/bisiadedokun/bankapp/node_modules/@babel/parser/lib/index.js:10835:21)
    at /Users/bisiadedokun/bankapp/node_modules/@babel/parser/lib/index.js:9795:39
    at TypeScriptParserMixin.tryParse (/Users/bisiadedokun/bankapp/node_modules/@babel/parser/lib/index.js:6938:20)
    at TypeScriptParserMixin.parseMaybeAssign (/Users/bisiadedokun/bankapp/node_modules/@babel/parser/lib/index.js:9795:18)
    at /Users/bisiadedokun/bankapp/node_modules/@babel/parser/lib/index.js:10804:39
    at TypeScriptParserMixin.allowInAnd (/Users/bisiadedokun/bankapp/node_modules/@babel/parser/lib/index.js:12436:12)
    at TypeScriptParserMixin.parseMaybeAssignAllowIn (/Users/bisiadedokun/bankapp/node_modules/@babel/parser/lib/index.js:10804:17)
    at TypeScriptParserMixin.parseMaybeAssignAllowInOrVoidPattern (/Users/bisiadedokun/bankapp/node_modules/@babel/parser/lib/index.js:12503:17)
    at TypeScriptParserMixin.parseParenAndDistinguishExpression (/Users/bisiadedokun/bankapp/node_modules/@babel/parser/lib/index.js:11683:28)
    at TypeScriptParserMixin.parseExprAtom (/Users/bisiadedokun/bankapp/node_modules/@babel/parser/lib/index.js:11335:23)
    at TypeScriptParserMixin.parseExprAtom (/Users/bisiadedokun/bankapp/node_modules/@babel/parser/lib/index.js:4797:20)
    at TypeScriptParserMixin.parseExprSubscripts (/Users/bisiadedokun/bankapp/node_modules/@babel/parser/lib/index.js:11085:23)
    at TypeScriptParserMixin.parseUpdate (/Users/bisiadedokun/bankapp/node_modules/@babel/parser/lib/index.js:11070:21)
    at TypeScriptParserMixin.parseMaybeUnary (/Users/bisiadedokun/bankapp/node_modules/@babel/parser/lib/index.js:11050:23)
    at TypeScriptParserMixin.parseMaybeUnary (/Users/bisiadedokun/bankapp/node_modules/@babel/parser/lib/index.js:9857:18)
    at TypeScriptParserMixin.parseMaybeUnaryOrPrivate (/Users/bisiadedokun/bankapp/node_modules/@babel/parser/lib/index.js:10903:61)
    at TypeScriptParserMixin.parseExprOps (/Users/bisiadedokun/bankapp/node_modules/@babel/parser/lib/index.js:10908:23)
    at TypeScriptParserMixin.parseMaybeConditional (/Users/bisiadedokun/bankapp/node_modules/@babel/parser/lib/index.js:10885:23)
    at TypeScriptParserMixin.parseMaybeAssign (/Users/bisiadedokun/bankapp/node_modules/@babel/parser/lib/index.js:10835:21)
    at TypeScriptParserMixin.parseMaybeAssign (/Users/bisiadedokun/bankapp/node_modules/@babel/parser/lib/index.js:9806:20)
    at TypeScriptParserMixin.parseExpressionBase (/Users/bisiadedokun/bankapp/node_modules/@babel/parser/lib/index.js:10788:23)
    at /Users/bisiadedokun/bankapp/node_modules/@babel/parser/lib/index.js:10784:39
    at TypeScriptParserMixin.allowInAnd (/Users/bisiadedokun/bankapp/node_modules/@babel/parser/lib/index.js:12431:16)
    at TypeScriptParserMixin.parseExpression (/Users/bisiadedokun/bankapp/node_modules/@babel/parser/lib/index.js:10784:17)
    at TypeScriptParserMixin.parseReturnStatement (/Users/bisiadedokun/bankapp/node_modules/@babel/parser/lib/index.js:13151:28)
    at TypeScriptParserMixin.parseStatementContent (/Users/bisiadedokun/bankapp/node_modules/@babel/parser/lib/index.js:12807:21)
    at TypeScriptParserMixin.parseStatementContent (/Users/bisiadedokun/bankapp/node_modules/@babel/parser/lib/index.js:9532:18)
    at TypeScriptParserMixin.parseStatementLike (/Users/bisiadedokun/bankapp/node_modules/@babel/parser/lib/index.js:12776:17)
    at TypeScriptParserMixin.parseStatementListItem (/Users/bisiadedokun/bankapp/node_modules/@babel/parser/lib/index.js:12756:17)
    at TypeScriptParserMixin.parseBlockOrModuleBlockBody (/Users/bisiadedokun/bankapp/node_modules/@babel/parser/lib/index.js:13325:61)
    at TypeScriptParserMixin.parseBlockBody (/Users/bisiadedokun/bankapp/node_modules/@babel/parser/lib/index.js:13318:10)
    at TypeScriptParserMixin.parseBlock (/Users/bisiadedokun/bankapp/node_modules/@babel/parser/lib/index.js:13306:10)
    at TypeScriptParserMixin.parseFunctionBody (/Users/bisiadedokun/bankapp/node_modules/@babel/parser/lib/index.js:12110:24)
    at TypeScriptParserMixin.parseArrowExpression (/Users/bisiadedokun/bankapp/node_modules/@babel/parser/lib/index.js:12085:10)
    at TypeScriptParserMixin.parseParenAndDistinguishExpression (/Users/bisiadedokun/bankapp/node_modules/@babel/parser/lib/index.js:11695:12)
    at TypeScriptParserMixin.parseExprAtom (/Users/bisiadedokun/bankapp/node_modules/@babel/parser/lib/index.js:11335:23)
 @ ./src/screens/dashboard/ModernDashboardScreen.tsx 1:776-835
 @ ./src/screens/index.ts 1:2537-2581
 @ ./src/navigation/WebNavigator.tsx 1:957-978
 @ ./App.tsx 1:1073-1113
 @ ./index.web.js 1:209-225

webpack 5.101.3 compiled with 1 error in 80 ms
assets by status 504 KiB [cached] 2 assets
assets by status 5.21 MiB [emitted]
  assets by path *.js 5.2 MiB
    asset main.a623e6faf644b55b8872.bundle.js 5.07 MiB [emitted] [immutable] (name: main)
    asset main.c6dc1b895511c456148b.hot-update.js 141 KiB [emitted] [immutable] [hmr] (name: main)
  asset index.html 7.75 KiB [emitted]
  asset main.c6dc1b895511c456148b.hot-update.json 28 bytes [emitted] [immutable] [hmr]
Entrypoint main 5.2 MiB = main.a623e6faf644b55b8872.bundle.js 5.07 MiB main.c6dc1b895511c456148b.hot-update.js 141 KiB
cached modules 4.61 MiB [cached] 564 modules
runtime modules 31.5 KiB 16 modules
./src/components/dashboard/ModernDashboardWithAI.tsx 51.8 KiB [built] [code generated]
webpack 5.101.3 compiled successfully in 335 ms
assets by status 504 KiB [cached] 2 assets
assets by status 5.13 MiB [emitted]
  assets by path *.js 5.12 MiB
    asset main.1f27dbd7a17c6f261064.bundle.js 5.07 MiB [emitted] [immutable] (name: main)
    asset main.e2cf804308bb860f7a98.hot-update.js 54.9 KiB [emitted] [immutable] [hmr] (name: main)
  asset index.html 7.75 KiB [emitted]
  asset main.e2cf804308bb860f7a98.hot-update.json 28 bytes [emitted] [immutable] [hmr]
Entrypoint main 5.12 MiB = main.1f27dbd7a17c6f261064.bundle.js 5.07 MiB main.e2cf804308bb860f7a98.hot-update.js 54.9 KiB
cached modules 4.61 MiB [cached] 564 modules
runtime modules 31.5 KiB 16 modules
./src/components/dashboard/ModernDashboardWithAI.tsx 52.1 KiB [built] [code generated]
webpack 5.101.3 compiled successfully in 392 ms
assets by status 504 KiB [cached] 2 assets
assets by status 5.13 MiB [emitted]
  assets by path *.js 5.12 MiB
    asset main.ffeddeb4d7aeae214884.bundle.js 5.07 MiB [emitted] [immutable] (name: main)
    asset main.6b522a4ab26f8c04d375.hot-update.js 54.9 KiB [emitted] [immutable] [hmr] (name: main)
  asset index.html 7.75 KiB [emitted]
  asset main.6b522a4ab26f8c04d375.hot-update.json 28 bytes [emitted] [immutable] [hmr]
Entrypoint main 5.12 MiB = main.ffeddeb4d7aeae214884.bundle.js 5.07 MiB main.6b522a4ab26f8c04d375.hot-update.js 54.9 KiB
cached modules 4.61 MiB [cached] 564 modules
runtime modules 31.5 KiB 16 modules
./src/components/dashboard/ModernDashboardWithAI.tsx 52.2 KiB [built] [code generated]
webpack 5.101.3 compiled successfully in 383 ms
assets by status 504 KiB [cached] 2 assets
assets by status 5.13 MiB [emitted]
  assets by path *.js 5.12 MiB
    asset main.0087ed4f6cf38dc2c033.bundle.js 5.07 MiB [emitted] [immutable] (name: main)
    asset main.0f001ff4ef962ad486fc.hot-update.js 54.9 KiB [emitted] [immutable] [hmr] (name: main)
  asset index.html 7.75 KiB [emitted]
  asset main.0f001ff4ef962ad486fc.hot-update.json 28 bytes [emitted] [immutable] [hmr]
Entrypoint main 5.12 MiB = main.0087ed4f6cf38dc2c033.bundle.js 5.07 MiB main.0f001ff4ef962ad486fc.hot-update.js 54.9 KiB
cached modules 4.61 MiB [cached] 564 modules
runtime modules 31.5 KiB 16 modules
./src/components/dashboard/ModernDashboardWithAI.tsx 52.2 KiB [built] [code generated]
webpack 5.101.3 compiled successfully in 400 ms
assets by status 504 KiB [cached] 2 assets
assets by status 5.13 MiB [emitted]
  assets by path *.js 5.12 MiB
    asset main.6c303d4bc15c1405bedc.bundle.js 5.07 MiB [emitted] [immutable] (name: main)
    asset main.136efd182ba311635ef2.hot-update.js 54.9 KiB [emitted] [immutable] [hmr] (name: main)
  asset index.html 7.75 KiB [emitted]
  asset main.136efd182ba311635ef2.hot-update.json 28 bytes [emitted] [immutable] [hmr]
Entrypoint main 5.12 MiB = main.6c303d4bc15c1405bedc.bundle.js 5.07 MiB main.136efd182ba311635ef2.hot-update.js 54.9 KiB
cached modules 4.61 MiB [cached] 564 modules
runtime modules 31.5 KiB 16 modules
./src/components/dashboard/ModernDashboardWithAI.tsx 52.2 KiB [built] [code generated]
webpack 5.101.3 compiled successfully in 401 ms
assets by status 504 KiB [cached] 2 assets
assets by status 5.13 MiB [emitted]
  assets by path *.js 5.12 MiB
    asset main.4246946c7e9f1a221620.bundle.js 5.07 MiB [emitted] [immutable] (name: main)
    asset main.5df0ae9337bd9a3f64a9.hot-update.js 55 KiB [emitted] [immutable] [hmr] (name: main)
  asset index.html 7.75 KiB [emitted]
  asset main.5df0ae9337bd9a3f64a9.hot-update.json 28 bytes [emitted] [immutable] [hmr]
Entrypoint main 5.12 MiB = main.4246946c7e9f1a221620.bundle.js 5.07 MiB main.5df0ae9337bd9a3f64a9.hot-update.js 55 KiB
cached modules 4.61 MiB [cached] 564 modules
runtime modules 31.5 KiB 16 modules
./src/components/dashboard/ModernDashboardWithAI.tsx 52.2 KiB [built] [code generated]
webpack 5.101.3 compiled successfully in 380 ms
assets by status 504 KiB [cached] 2 assets
assets by status 5.13 MiB [emitted]
  assets by path *.js 5.12 MiB
    asset main.ecfae1cb8ccd2310408b.bundle.js 5.07 MiB [emitted] [immutable] (name: main)
    asset main.e01ff558cab02c8e157b.hot-update.js 55 KiB [emitted] [immutable] [hmr] (name: main)
  asset index.html 7.75 KiB [emitted]
  asset main.e01ff558cab02c8e157b.hot-update.json 28 bytes [emitted] [immutable] [hmr]
Entrypoint main 5.12 MiB = main.ecfae1cb8ccd2310408b.bundle.js 5.07 MiB main.e01ff558cab02c8e157b.hot-update.js 55 KiB
cached modules 4.61 MiB [cached] 564 modules
runtime modules 31.5 KiB 16 modules
./src/components/dashboard/ModernDashboardWithAI.tsx 52.2 KiB [built] [code generated]
webpack 5.101.3 compiled successfully in 381 ms
assets by status 504 KiB [cached] 2 assets
assets by status 5.13 MiB [emitted]
  assets by path *.js 5.12 MiB
    asset main.177dd2f43cf120d2625b.bundle.js 5.07 MiB [emitted] [immutable] (name: main)
    asset main.4217198a979ed9fcd63a.hot-update.js 55 KiB [emitted] [immutable] [hmr] (name: main)
  asset index.html 7.75 KiB [emitted]
  asset main.4217198a979ed9fcd63a.hot-update.json 28 bytes [emitted] [immutable] [hmr]
Entrypoint main 5.12 MiB = main.177dd2f43cf120d2625b.bundle.js 5.07 MiB main.4217198a979ed9fcd63a.hot-update.js 55 KiB
cached modules 4.61 MiB [cached] 564 modules
runtime modules 31.5 KiB 16 modules
./src/components/dashboard/ModernDashboardWithAI.tsx 52.2 KiB [built] [code generated]
webpack 5.101.3 compiled successfully in 377 ms
assets by status 504 KiB [cached] 2 assets
assets by status 5.13 MiB [emitted]
  assets by path *.js 5.12 MiB
    asset main.6abdd7d418c732f8e448.bundle.js 5.07 MiB [emitted] [immutable] (name: main)
    asset main.ca8bb42844c8db22370e.hot-update.js 54.8 KiB [emitted] [immutable] [hmr] (name: main)
  asset index.html 7.75 KiB [emitted]
  asset main.ca8bb42844c8db22370e.hot-update.json 28 bytes [emitted] [immutable] [hmr]
Entrypoint main 5.12 MiB = main.6abdd7d418c732f8e448.bundle.js 5.07 MiB main.ca8bb42844c8db22370e.hot-update.js 54.8 KiB
cached modules 4.61 MiB [cached] 564 modules
runtime modules 31.5 KiB 16 modules
./src/screens/history/TransactionHistoryScreen.tsx 51.6 KiB [built] [code generated]
webpack 5.101.3 compiled successfully in 462 ms
assets by status 504 KiB [cached] 2 assets
assets by status 5.1 MiB [emitted]
  assets by path *.js 5.09 MiB
    asset main.ca232222b67d9d47b623.bundle.js 5.07 MiB [emitted] [immutable] (name: main)
    asset main.f91587ffa2ef17d2c3aa.hot-update.js 21.8 KiB [emitted] [immutable] [hmr] (name: main)
  asset index.html 7.75 KiB [emitted]
  asset main.f91587ffa2ef17d2c3aa.hot-update.json 28 bytes [emitted] [immutable] [hmr]
Entrypoint main 5.09 MiB = main.ca232222b67d9d47b623.bundle.js 5.07 MiB main.f91587ffa2ef17d2c3aa.hot-update.js 21.8 KiB
cached modules 4.64 MiB [cached] 564 modules
runtime modules 31.5 KiB 16 modules
./src/screens/savings/ModernSavingsMenuScreen.tsx 19.2 KiB [built] [code generated]
webpack 5.101.3 compiled successfully in 233 ms
assets by status 504 KiB [cached] 2 assets
assets by status 5.09 MiB [emitted]
  assets by path *.js 5.09 MiB
    asset main.2f47c7ec39044f473bb8.bundle.js 5.07 MiB [emitted] [immutable] (name: main)
    asset main.0f37da690693da27c124.hot-update.js 21.1 KiB [emitted] [immutable] [hmr] (name: main)
  asset index.html 7.75 KiB [emitted]
  asset main.0f37da690693da27c124.hot-update.json 28 bytes [emitted] [immutable] [hmr]
Entrypoint main 5.09 MiB = main.2f47c7ec39044f473bb8.bundle.js 5.07 MiB main.0f37da690693da27c124.hot-update.js 21.1 KiB
cached modules 4.64 MiB [cached] 564 modules
runtime modules 31.5 KiB 16 modules
./src/screens/loans/ModernLoansMenuScreen.tsx 18.5 KiB [built] [code generated]
webpack 5.101.3 compiled successfully in 195 ms
assets by status 504 KiB [cached] 2 assets
assets by status 5.1 MiB [emitted]
  assets by path *.js 5.09 MiB
    asset main.d2f4308526b6d68e4dc0.bundle.js 5.07 MiB [emitted] [immutable] (name: main)
    asset main.5e476a3c203093da8a89.hot-update.js 21.5 KiB [emitted] [immutable] [hmr] (name: main)
  asset index.html 7.75 KiB [emitted]
  asset main.5e476a3c203093da8a89.hot-update.json 28 bytes [emitted] [immutable] [hmr]
Entrypoint main 5.09 MiB = main.d2f4308526b6d68e4dc0.bundle.js 5.07 MiB main.5e476a3c203093da8a89.hot-update.js 21.5 KiB
cached modules 4.64 MiB [cached] 564 modules
runtime modules 31.5 KiB 16 modules
./src/screens/loans/ModernLoansMenuScreen.tsx 18.9 KiB [built] [code generated]
webpack 5.101.3 compiled successfully in 209 ms
assets by status 504 KiB [cached] 2 assets
assets by status 5.1 MiB [emitted]
  assets by path *.js 5.09 MiB
    asset main.b6d7a4230dd705d7c7a2.bundle.js 5.07 MiB [emitted] [immutable] (name: main)
    asset main.5a6c5e103682dffff972.hot-update.js 22.2 KiB [emitted] [immutable] [hmr] (name: main)
  asset index.html 7.75 KiB [emitted]
  asset main.5a6c5e103682dffff972.hot-update.json 28 bytes [emitted] [immutable] [hmr]
Entrypoint main 5.09 MiB = main.b6d7a4230dd705d7c7a2.bundle.js 5.07 MiB main.5a6c5e103682dffff972.hot-update.js 22.2 KiB
cached modules 4.64 MiB [cached] 564 modules
runtime modules 31.5 KiB 16 modules
./src/screens/savings/ModernSavingsMenuScreen.tsx 19.6 KiB [built] [code generated]
webpack 5.101.3 compiled successfully in 187 ms
assets by status 504 KiB [cached] 2 assets
assets by status 5.1 MiB [emitted]
  assets by path *.js 5.09 MiB
    asset main.626b9b86dc6790b27715.bundle.js 5.07 MiB [emitted] [immutable] (name: main)
    asset main.2c765bdc1de31fef845f.hot-update.js 22.7 KiB [emitted] [immutable] [hmr] (name: main)
  asset index.html 7.75 KiB [emitted]
  asset main.2c765bdc1de31fef845f.hot-update.json 28 bytes [emitted] [immutable] [hmr]
Entrypoint main 5.09 MiB = main.626b9b86dc6790b27715.bundle.js 5.07 MiB main.2c765bdc1de31fef845f.hot-update.js 22.7 KiB
cached modules 4.64 MiB [cached] 564 modules
runtime modules 31.5 KiB 16 modules
./src/screens/savings/ModernSavingsMenuScreen.tsx 20 KiB [built] [code generated]
webpack 5.101.3 compiled successfully in 111 ms
assets by status 504 KiB [cached] 2 assets
assets by status 5.1 MiB [emitted]
  assets by path *.js 5.09 MiB
    asset main.d60fd31a7d1943be1f95.bundle.js 5.07 MiB [emitted] [immutable] (name: main)
    asset main.5c2c49cfa0b2069a9b63.hot-update.js 22.7 KiB [emitted] [immutable] [hmr] (name: main)
  asset index.html 7.75 KiB [emitted]
  asset main.5c2c49cfa0b2069a9b63.hot-update.json 28 bytes [emitted] [immutable] [hmr]
Entrypoint main 5.09 MiB = main.d60fd31a7d1943be1f95.bundle.js 5.07 MiB main.5c2c49cfa0b2069a9b63.hot-update.js 22.7 KiB
cached modules 4.64 MiB [cached] 564 modules
runtime modules 31.5 KiB 16 modules
./src/screens/savings/ModernSavingsMenuScreen.tsx 20.1 KiB [built] [code generated]
webpack 5.101.3 compiled successfully in 170 ms
assets by status 504 KiB [cached] 2 assets
assets by status 5.1 MiB [emitted]
  assets by path *.js 5.09 MiB
    asset main.2b5e0764ab58f58771d3.bundle.js 5.07 MiB [emitted] [immutable] (name: main)
    asset main.a6ff2a84ef450228d52d.hot-update.js 22.8 KiB [emitted] [immutable] [hmr] (name: main)
  asset index.html 7.75 KiB [emitted]
  asset main.a6ff2a84ef450228d52d.hot-update.json 28 bytes [emitted] [immutable] [hmr]
Entrypoint main 5.09 MiB = main.2b5e0764ab58f58771d3.bundle.js 5.07 MiB main.a6ff2a84ef450228d52d.hot-update.js 22.8 KiB
cached modules 4.64 MiB [cached] 564 modules
runtime modules 31.5 KiB 16 modules
./src/screens/savings/ModernSavingsMenuScreen.tsx 20.2 KiB [built] [code generated]
webpack 5.101.3 compiled successfully in 179 ms
assets by status 504 KiB [cached] 2 assets
assets by status 5.1 MiB [emitted]
  assets by path *.js 5.09 MiB
    asset main.0ac05d34e4603d3888e4.bundle.js 5.07 MiB [emitted] [immutable] (name: main)
    asset main.f1653bf2a407b1f1a084.hot-update.js 22.9 KiB [emitted] [immutable] [hmr] (name: main)
  asset index.html 7.75 KiB [emitted]
  asset main.f1653bf2a407b1f1a084.hot-update.json 28 bytes [emitted] [immutable] [hmr]
Entrypoint main 5.09 MiB = main.0ac05d34e4603d3888e4.bundle.js 5.07 MiB main.f1653bf2a407b1f1a084.hot-update.js 22.9 KiB
cached modules 4.64 MiB [cached] 564 modules
runtime modules 31.5 KiB 16 modules
./src/screens/savings/ModernSavingsMenuScreen.tsx 20.3 KiB [built] [code generated]
webpack 5.101.3 compiled successfully in 182 ms
assets by status 504 KiB [cached] 2 assets
assets by status 5.1 MiB [emitted]
  assets by path *.js 5.09 MiB
    asset main.b61769417aece85278f5.bundle.js 5.07 MiB [emitted] [immutable] (name: main)
    asset main.a6609853e489a372691e.hot-update.js 23.2 KiB [emitted] [immutable] [hmr] (name: main)
  asset index.html 7.75 KiB [emitted]
  asset main.a6609853e489a372691e.hot-update.json 28 bytes [emitted] [immutable] [hmr]
Entrypoint main 5.09 MiB = main.b61769417aece85278f5.bundle.js 5.07 MiB main.a6609853e489a372691e.hot-update.js 23.2 KiB
cached modules 4.64 MiB [cached] 564 modules
runtime modules 31.5 KiB 16 modules
./src/screens/savings/ModernSavingsMenuScreen.tsx 20.6 KiB [built] [code generated]
webpack 5.101.3 compiled successfully in 116 ms
assets by status 504 KiB [cached] 2 assets
assets by status 5.1 MiB [emitted]
  assets by path *.js 5.09 MiB
    asset main.441f274883761716058e.bundle.js 5.07 MiB [emitted] [immutable] (name: main)
    asset main.ded79a7484343aefa4dd.hot-update.js 23.3 KiB [emitted] [immutable] [hmr] (name: main)
  asset index.html 7.75 KiB [emitted]
  asset main.ded79a7484343aefa4dd.hot-update.json 28 bytes [emitted] [immutable] [hmr]
Entrypoint main 5.09 MiB = main.441f274883761716058e.bundle.js 5.07 MiB main.ded79a7484343aefa4dd.hot-update.js 23.3 KiB
cached modules 4.64 MiB [cached] 564 modules
runtime modules 31.5 KiB 16 modules
./src/screens/savings/ModernSavingsMenuScreen.tsx 20.6 KiB [built] [code generated]
webpack 5.101.3 compiled successfully in 171 ms
assets by status 504 KiB [cached] 2 assets
assets by status 5.1 MiB [emitted]
  assets by path *.js 5.09 MiB
    asset main.3fa4bdf27d5c63f66ba3.bundle.js 5.07 MiB [emitted] [immutable] (name: main)
    asset main.980ce37a064cac2d3f69.hot-update.js 23.4 KiB [emitted] [immutable] [hmr] (name: main)
  asset index.html 7.75 KiB [emitted]
  asset main.980ce37a064cac2d3f69.hot-update.json 28 bytes [emitted] [immutable] [hmr]
Entrypoint main 5.09 MiB = main.3fa4bdf27d5c63f66ba3.bundle.js 5.07 MiB main.980ce37a064cac2d3f69.hot-update.js 23.4 KiB
cached modules 4.64 MiB [cached] 564 modules
runtime modules 31.5 KiB 16 modules
./src/screens/savings/ModernSavingsMenuScreen.tsx 20.8 KiB [built] [code generated]
webpack 5.101.3 compiled successfully in 119 ms
assets by status 504 KiB [cached] 2 assets
assets by status 5.1 MiB [emitted]
  assets by path *.js 5.09 MiB
    asset main.64dcf194dd34405ff35c.bundle.js 5.07 MiB [emitted] [immutable] (name: main)
    asset main.6518f15d103ac1e5b9f5.hot-update.js 23.6 KiB [emitted] [immutable] [hmr] (name: main)
  asset index.html 7.75 KiB [emitted]
  asset main.6518f15d103ac1e5b9f5.hot-update.json 28 bytes [emitted] [immutable] [hmr]
Entrypoint main 5.09 MiB = main.64dcf194dd34405ff35c.bundle.js 5.07 MiB main.6518f15d103ac1e5b9f5.hot-update.js 23.6 KiB
cached modules 4.64 MiB [cached] 564 modules
runtime modules 31.5 KiB 16 modules
./src/screens/savings/ModernSavingsMenuScreen.tsx 21 KiB [built] [code generated]
webpack 5.101.3 compiled successfully in 170 ms
assets by status 504 KiB [cached] 2 assets
assets by status 5.1 MiB [emitted]
  assets by path *.js 5.09 MiB
    asset main.9aa8c5e6f3ad8764920b.bundle.js 5.07 MiB [emitted] [immutable] (name: main)
    asset main.721b78fee2719c8ffaf1.hot-update.js 23.7 KiB [emitted] [immutable] [hmr] (name: main)
  asset index.html 7.75 KiB [emitted]
  asset main.721b78fee2719c8ffaf1.hot-update.json 28 bytes [emitted] [immutable] [hmr]
Entrypoint main 5.09 MiB = main.9aa8c5e6f3ad8764920b.bundle.js 5.07 MiB main.721b78fee2719c8ffaf1.hot-update.js 23.7 KiB
cached modules 4.64 MiB [cached] 564 modules
runtime modules 31.5 KiB 16 modules
./src/screens/savings/ModernSavingsMenuScreen.tsx 21.1 KiB [built] [code generated]
webpack 5.101.3 compiled successfully in 117 ms
assets by status 504 KiB [cached] 2 assets
assets by status 5.1 MiB [emitted]
  assets by path *.js 5.09 MiB
    asset main.30e01af17b8816743d87.bundle.js 5.07 MiB [emitted] [immutable] (name: main)
    asset main.8bcf296bc9cc5eb43190.hot-update.js 23.8 KiB [emitted] [immutable] [hmr] (name: main)
  asset index.html 7.75 KiB [emitted]
  asset main.8bcf296bc9cc5eb43190.hot-update.json 28 bytes [emitted] [immutable] [hmr]
Entrypoint main 5.09 MiB = main.30e01af17b8816743d87.bundle.js 5.07 MiB main.8bcf296bc9cc5eb43190.hot-update.js 23.8 KiB
cached modules 4.64 MiB [cached] 564 modules
runtime modules 31.5 KiB 16 modules
./src/screens/savings/ModernSavingsMenuScreen.tsx 21.2 KiB [built] [code generated]
webpack 5.101.3 compiled successfully in 174 ms
assets by status 504 KiB [cached] 2 assets
assets by status 5.1 MiB [emitted]
  assets by path *.js 5.09 MiB
    asset main.f0c47b57ef3406ac87c6.bundle.js 5.07 MiB [emitted] [immutable] (name: main)
    asset main.9d507e544033f02e4cc2.hot-update.js 24 KiB [emitted] [immutable] [hmr] (name: main)
  asset index.html 7.75 KiB [emitted]
  asset main.9d507e544033f02e4cc2.hot-update.json 28 bytes [emitted] [immutable] [hmr]
Entrypoint main 5.09 MiB = main.f0c47b57ef3406ac87c6.bundle.js 5.07 MiB main.9d507e544033f02e4cc2.hot-update.js 24 KiB
cached modules 4.64 MiB [cached] 564 modules
runtime modules 31.5 KiB 16 modules
./src/screens/savings/ModernSavingsMenuScreen.tsx 21.3 KiB [built] [code generated]
webpack 5.101.3 compiled successfully in 179 ms
assets by status 504 KiB [cached] 2 assets
assets by status 5.1 MiB [emitted]
  assets by path *.js 5.09 MiB
    asset main.2cfda4b93d19fa89d647.bundle.js 5.07 MiB [emitted] [immutable] (name: main)
    asset main.ebe83d70d456c034c715.hot-update.js 23.9 KiB [emitted] [immutable] [hmr] (name: main)
  asset index.html 7.75 KiB [emitted]
  asset main.ebe83d70d456c034c715.hot-update.json 28 bytes [emitted] [immutable] [hmr]
Entrypoint main 5.09 MiB = main.2cfda4b93d19fa89d647.bundle.js 5.07 MiB main.ebe83d70d456c034c715.hot-update.js 23.9 KiB
cached modules 4.64 MiB [cached] 564 modules
runtime modules 31.5 KiB 16 modules
./src/screens/savings/ModernSavingsMenuScreen.tsx 21.3 KiB [built] [code generated]
webpack 5.101.3 compiled successfully in 124 ms
assets by status 504 KiB [cached] 2 assets
assets by status 5.1 MiB [emitted]
  assets by path *.js 5.09 MiB
    asset main.47666557c1c4c93d9f20.bundle.js 5.07 MiB [emitted] [immutable] (name: main)
    asset main.000ee85bd1025998ba60.hot-update.js 23.8 KiB [emitted] [immutable] [hmr] (name: main)
  asset index.html 7.75 KiB [emitted]
  asset main.000ee85bd1025998ba60.hot-update.json 28 bytes [emitted] [immutable] [hmr]
Entrypoint main 5.09 MiB = main.47666557c1c4c93d9f20.bundle.js 5.07 MiB main.000ee85bd1025998ba60.hot-update.js 23.8 KiB
cached modules 4.64 MiB [cached] 564 modules
runtime modules 31.5 KiB 16 modules
./src/screens/savings/ModernSavingsMenuScreen.tsx 21.2 KiB [built] [code generated]
webpack 5.101.3 compiled successfully in 177 ms
assets by status 504 KiB [cached] 2 assets
assets by status 5.1 MiB [emitted]
  assets by path *.js 5.09 MiB
    asset main.4252ba2c1dc00381c678.bundle.js 5.07 MiB [emitted] [immutable] (name: main)
    asset main.d305c0eb6100c3c17902.hot-update.js 23.8 KiB [emitted] [immutable] [hmr] (name: main)
  asset index.html 7.75 KiB [emitted]
  asset main.d305c0eb6100c3c17902.hot-update.json 28 bytes [emitted] [immutable] [hmr]
Entrypoint main 5.09 MiB = main.4252ba2c1dc00381c678.bundle.js 5.07 MiB main.d305c0eb6100c3c17902.hot-update.js 23.8 KiB
cached modules 4.64 MiB [cached] 564 modules
runtime modules 31.5 KiB 16 modules
./src/screens/savings/ModernSavingsMenuScreen.tsx 21.2 KiB [built] [code generated]
webpack 5.101.3 compiled successfully in 190 ms
assets by status 504 KiB [cached] 2 assets
assets by status 5.1 MiB [emitted]
  assets by path *.js 5.09 MiB
    asset main.5c1282cda7b54a6986bd.bundle.js 5.07 MiB [emitted] [immutable] (name: main)
    asset main.8dc6cc0997f5685ef2bd.hot-update.js 23.8 KiB [emitted] [immutable] [hmr] (name: main)
  asset index.html 7.75 KiB [emitted]
  asset main.8dc6cc0997f5685ef2bd.hot-update.json 28 bytes [emitted] [immutable] [hmr]
Entrypoint main 5.09 MiB = main.5c1282cda7b54a6986bd.bundle.js 5.07 MiB main.8dc6cc0997f5685ef2bd.hot-update.js 23.8 KiB
cached modules 4.64 MiB [cached] 564 modules
runtime modules 31.5 KiB 16 modules
./src/screens/savings/ModernSavingsMenuScreen.tsx 21.2 KiB [built] [code generated]
webpack 5.101.3 compiled successfully in 124 ms
assets by status 504 KiB [cached] 2 assets
assets by status 5.1 MiB [emitted]
  assets by path *.js 5.09 MiB
    asset main.f87f52e7e8c68f0bfef8.bundle.js 5.07 MiB [emitted] [immutable] (name: main)
    asset main.8b8e2035adfd4533c163.hot-update.js 23.8 KiB [emitted] [immutable] [hmr] (name: main)
  asset index.html 7.75 KiB [emitted]
  asset main.8b8e2035adfd4533c163.hot-update.json 28 bytes [emitted] [immutable] [hmr]
Entrypoint main 5.09 MiB = main.f87f52e7e8c68f0bfef8.bundle.js 5.07 MiB main.8b8e2035adfd4533c163.hot-update.js 23.8 KiB
cached modules 4.64 MiB [cached] 564 modules
runtime modules 31.5 KiB 16 modules
./src/screens/savings/ModernSavingsMenuScreen.tsx 21.2 KiB [built] [code generated]
webpack 5.101.3 compiled successfully in 188 ms
assets by status 504 KiB [cached] 2 assets
assets by status 5.1 MiB [emitted]
  assets by path *.js 5.09 MiB
    asset main.69fb0272621a2bd09082.bundle.js 5.07 MiB [emitted] [immutable] (name: main)
    asset main.8f30a876ea04a41e3172.hot-update.js 23.7 KiB [emitted] [immutable] [hmr] (name: main)
  asset index.html 7.75 KiB [emitted]
  asset main.8f30a876ea04a41e3172.hot-update.json 28 bytes [emitted] [immutable] [hmr]
Entrypoint main 5.09 MiB = main.69fb0272621a2bd09082.bundle.js 5.07 MiB main.8f30a876ea04a41e3172.hot-update.js 23.7 KiB
cached modules 4.64 MiB [cached] 564 modules
runtime modules 31.5 KiB 16 modules
./src/screens/savings/ModernSavingsMenuScreen.tsx 21.1 KiB [built] [code generated]
webpack 5.101.3 compiled successfully in 120 ms
assets by status 504 KiB [cached] 2 assets
assets by status 5.1 MiB [emitted]
  assets by path *.js 5.09 MiB
    asset main.f8f37360007666a3a40e.bundle.js 5.07 MiB [emitted] [immutable] (name: main)
    asset main.13f44d062eca0e678e49.hot-update.js 23.7 KiB [emitted] [immutable] [hmr] (name: main)
  asset index.html 7.75 KiB [emitted]
  asset main.13f44d062eca0e678e49.hot-update.json 28 bytes [emitted] [immutable] [hmr]
Entrypoint main 5.09 MiB = main.f8f37360007666a3a40e.bundle.js 5.07 MiB main.13f44d062eca0e678e49.hot-update.js 23.7 KiB
cached modules 4.64 MiB [cached] 564 modules
runtime modules 31.5 KiB 16 modules
./src/screens/savings/ModernSavingsMenuScreen.tsx 21.1 KiB [built] [code generated]
webpack 5.101.3 compiled successfully in 181 ms
assets by status 504 KiB [cached] 2 assets
assets by status 5.1 MiB [emitted]
  assets by path *.js 5.09 MiB
    asset main.ae8518b6659ff6ad8d1b.bundle.js 5.07 MiB [emitted] [immutable] (name: main)
    asset main.b7a32c1bdc0d35b3280e.hot-update.js 23.7 KiB [emitted] [immutable] [hmr] (name: main)
  asset index.html 7.75 KiB [emitted]
  asset main.b7a32c1bdc0d35b3280e.hot-update.json 28 bytes [emitted] [immutable] [hmr]
Entrypoint main 5.09 MiB = main.ae8518b6659ff6ad8d1b.bundle.js 5.07 MiB main.b7a32c1bdc0d35b3280e.hot-update.js 23.7 KiB
cached modules 4.64 MiB [cached] 564 modules
runtime modules 31.5 KiB 16 modules
./src/screens/savings/ModernSavingsMenuScreen.tsx 21.1 KiB [built] [code generated]
webpack 5.101.3 compiled successfully in 116 ms
assets by status 504 KiB [cached] 2 assets
assets by status 5.1 MiB [emitted]
  assets by path *.js 5.09 MiB
    asset main.3c354aa52f9d364d243f.bundle.js 5.07 MiB [emitted] [immutable] (name: main)
    asset main.869842608d7bd02d806a.hot-update.js 23.7 KiB [emitted] [immutable] [hmr] (name: main)
  asset index.html 7.75 KiB [emitted]
  asset main.869842608d7bd02d806a.hot-update.json 28 bytes [emitted] [immutable] [hmr]
Entrypoint main 5.09 MiB = main.3c354aa52f9d364d243f.bundle.js 5.07 MiB main.869842608d7bd02d806a.hot-update.js 23.7 KiB
cached modules 4.64 MiB [cached] 564 modules
runtime modules 31.5 KiB 16 modules
./src/screens/savings/ModernSavingsMenuScreen.tsx 21.1 KiB [built] [code generated]
webpack 5.101.3 compiled successfully in 172 ms
assets by status 504 KiB [cached] 2 assets
assets by status 5.1 MiB [emitted]
  assets by path *.js 5.09 MiB
    asset main.33ab62aabd39e8b7a9a8.bundle.js 5.07 MiB [emitted] [immutable] (name: main)
    asset main.868c081a00a9ea2b4873.hot-update.js 23.7 KiB [emitted] [immutable] [hmr] (name: main)
  asset index.html 7.75 KiB [emitted]
  asset main.868c081a00a9ea2b4873.hot-update.json 28 bytes [emitted] [immutable] [hmr]
Entrypoint main 5.09 MiB = main.33ab62aabd39e8b7a9a8.bundle.js 5.07 MiB main.868c081a00a9ea2b4873.hot-update.js 23.7 KiB
cached modules 4.64 MiB [cached] 564 modules
runtime modules 31.5 KiB 16 modules
./src/screens/savings/ModernSavingsMenuScreen.tsx 21.1 KiB [built] [code generated]
webpack 5.101.3 compiled successfully in 119 ms
assets by status 504 KiB [cached] 2 assets
assets by status 5.1 MiB [emitted]
  assets by path *.js 5.09 MiB
    asset main.7467d3cd146e174f0141.bundle.js 5.07 MiB [emitted] [immutable] (name: main)
    asset main.62f2a05eb5389cbdcb05.hot-update.js 23.7 KiB [emitted] [immutable] [hmr] (name: main)
  asset index.html 7.75 KiB [emitted]
  asset main.62f2a05eb5389cbdcb05.hot-update.json 28 bytes [emitted] [immutable] [hmr]
Entrypoint main 5.09 MiB = main.7467d3cd146e174f0141.bundle.js 5.07 MiB main.62f2a05eb5389cbdcb05.hot-update.js 23.7 KiB
cached modules 4.64 MiB [cached] 564 modules
runtime modules 31.5 KiB 16 modules
./src/screens/savings/ModernSavingsMenuScreen.tsx 21 KiB [built] [code generated]
webpack 5.101.3 compiled successfully in 181 ms
assets by status 504 KiB [cached] 2 assets
assets by status 5.1 MiB [emitted]
  assets by path *.js 5.09 MiB
    asset main.fd4df2b31a916463c37a.bundle.js 5.07 MiB [emitted] [immutable] (name: main)
    asset main.7f94dc8ef36e93bc2feb.hot-update.js 21.5 KiB [emitted] [immutable] [hmr] (name: main)
  asset index.html 7.75 KiB [emitted]
  asset main.7f94dc8ef36e93bc2feb.hot-update.json 28 bytes [emitted] [immutable] [hmr]
Entrypoint main 5.09 MiB = main.fd4df2b31a916463c37a.bundle.js 5.07 MiB main.7f94dc8ef36e93bc2feb.hot-update.js 21.5 KiB
cached modules 4.64 MiB [cached] 564 modules
runtime modules 31.5 KiB 16 modules
./src/screens/loans/ModernLoansMenuScreen.tsx 18.9 KiB [built] [code generated]
webpack 5.101.3 compiled successfully in 112 ms
assets by status 504 KiB [cached] 2 assets
assets by status 5.1 MiB [emitted]
  assets by path *.js 5.09 MiB
    asset main.b3fd5cd5e6d2905c117e.bundle.js 5.07 MiB [emitted] [immutable] (name: main)
    asset main.f4c1d958eaa021440129.hot-update.js 21.4 KiB [emitted] [immutable] [hmr] (name: main)
  asset index.html 7.75 KiB [emitted]
  asset main.f4c1d958eaa021440129.hot-update.json 28 bytes [emitted] [immutable] [hmr]
Entrypoint main 5.09 MiB = main.b3fd5cd5e6d2905c117e.bundle.js 5.07 MiB main.f4c1d958eaa021440129.hot-update.js 21.4 KiB
cached modules 4.64 MiB [cached] 564 modules
runtime modules 31.5 KiB 16 modules
./src/screens/loans/ModernLoansMenuScreen.tsx 18.8 KiB [built] [code generated]
webpack 5.101.3 compiled successfully in 180 ms
assets by status 504 KiB [cached] 2 assets
assets by status 5.1 MiB [emitted]
  assets by path *.js 5.09 MiB
    asset main.9533eca5aa3f8f6d5761.bundle.js 5.07 MiB [emitted] [immutable] (name: main)
    asset main.ec320b3880b66055cb16.hot-update.js 21.4 KiB [emitted] [immutable] [hmr] (name: main)
  asset index.html 7.75 KiB [emitted]
  asset main.ec320b3880b66055cb16.hot-update.json 28 bytes [emitted] [immutable] [hmr]
Entrypoint main 5.09 MiB = main.9533eca5aa3f8f6d5761.bundle.js 5.07 MiB main.ec320b3880b66055cb16.hot-update.js 21.4 KiB
cached modules 4.64 MiB [cached] 564 modules
runtime modules 31.5 KiB 16 modules
./src/screens/loans/ModernLoansMenuScreen.tsx 18.8 KiB [built] [code generated]
webpack 5.101.3 compiled successfully in 123 ms
assets by status 504 KiB [cached] 2 assets
assets by status 5.1 MiB [emitted]
  assets by path *.js 5.09 MiB
    asset main.618e03e4d83d58ac04d4.bundle.js 5.07 MiB [emitted] [immutable] (name: main)
    asset main.45b458fc4138ae6d88bb.hot-update.js 21.4 KiB [emitted] [immutable] [hmr] (name: main)
  asset index.html 7.75 KiB [emitted]
  asset main.45b458fc4138ae6d88bb.hot-update.json 28 bytes [emitted] [immutable] [hmr]
Entrypoint main 5.09 MiB = main.618e03e4d83d58ac04d4.bundle.js 5.07 MiB main.45b458fc4138ae6d88bb.hot-update.js 21.4 KiB
cached modules 4.64 MiB [cached] 564 modules
runtime modules 31.5 KiB 16 modules
./src/screens/loans/ModernLoansMenuScreen.tsx 18.8 KiB [built] [code generated]
webpack 5.101.3 compiled successfully in 165 ms
